{"/home/yaqubjae/Documents/DEV/Sha-Intelligence/core-comm/app/layout.tsx": {"path":"/home/yaqubjae/Documents/DEV/Sha-Intelligence/core-comm/app/layout.tsx","statementMap":{"0":{"start":{"line":14,"column":24},"end":{"line":14,"column":35}},"1":{"start":{"line":9,"column":13},"end":{"line":9,"column":21}},"2":{"start":{"line":3,"column":22},"end":{"line":3,"column":null}},"3":{"start":{"line":4,"column":7},"end":{"line":4,"column":null}},"4":{"start":{"line":5,"column":30},"end":{"line":5,"column":null}},"5":{"start":{"line":7,"column":14},"end":{"line":7,"column":null}},"6":{"start":{"line":9,"column":34},"end":{"line":12,"column":null}}},"fnMap":{"0":{"name":"RootLayout","decl":{"start":{"line":14,"column":24},"end":{"line":14,"column":35}},"loc":{"start":{"line":18,"column":1},"end":{"line":28,"column":1}}}},"branchMap":{},"s":{"0":0,"1":0,"2":0,"3":0,"4":0,"5":0,"6":0},"f":{"0":0},"b":{}}
,"/home/yaqubjae/Documents/DEV/Sha-Intelligence/core-comm/app/page.tsx": {"path":"/home/yaqubjae/Documents/DEV/Sha-Intelligence/core-comm/app/page.tsx","statementMap":{"0":{"start":{"line":3,"column":30},"end":{"line":3,"column":null}},"1":{"start":{"line":1,"column":25},"end":{"line":1,"column":null}},"2":{"start":{"line":4,"column":2},"end":{"line":4,"column":null}}},"fnMap":{"0":{"name":"HomePage","decl":{"start":{"line":3,"column":30},"end":{"line":3,"column":null}},"loc":{"start":{"line":3,"column":30},"end":{"line":5,"column":null}}}},"branchMap":{},"s":{"0":0,"1":0,"2":0},"f":{"0":0},"b":{}}
,"/home/yaqubjae/Documents/DEV/Sha-Intelligence/core-comm/app/(dashboard)/layout.tsx": {"path":"/home/yaqubjae/Documents/DEV/Sha-Intelligence/core-comm/app/(dashboard)/layout.tsx","statementMap":{"0":{"start":{"line":7,"column":30},"end":{"line":7,"column":46}},"1":{"start":{"line":2,"column":46},"end":{"line":2,"column":null}},"2":{"start":{"line":3,"column":27},"end":{"line":3,"column":null}},"3":{"start":{"line":4,"column":30},"end":{"line":4,"column":null}},"4":{"start":{"line":5,"column":28},"end":{"line":5,"column":null}},"5":{"start":{"line":13,"column":2},"end":{"line":13,"column":null}}},"fnMap":{"0":{"name":"DashboardLayout","decl":{"start":{"line":7,"column":30},"end":{"line":7,"column":46}},"loc":{"start":{"line":11,"column":1},"end":{"line":24,"column":null}}}},"branchMap":{},"s":{"0":0,"1":0,"2":0,"3":0,"4":0,"5":0},"f":{"0":0},"b":{}}
,"/home/yaqubjae/Documents/DEV/Sha-Intelligence/core-comm/app/(dashboard)/call-logs/loading.tsx": {"path":"/home/yaqubjae/Documents/DEV/Sha-Intelligence/core-comm/app/(dashboard)/call-logs/loading.tsx","statementMap":{"0":{"start":{"line":4,"column":24},"end":{"line":4,"column":null}},"1":{"start":{"line":1,"column":46},"end":{"line":1,"column":null}},"2":{"start":{"line":2,"column":25},"end":{"line":2,"column":null}},"3":{"start":{"line":38,"column":14},"end":{"line":38,"column":27}}},"fnMap":{"0":{"name":"CallLogsLoading","decl":{"start":{"line":4,"column":24},"end":{"line":4,"column":null}},"loc":{"start":{"line":4,"column":24},"end":{"line":53,"column":null}}},"1":{"name":"(anonymous_2)","decl":{"start":{"line":37,"column":43},"end":{"line":37,"column":44}},"loc":{"start":{"line":38,"column":14},"end":{"line":38,"column":27}}}},"branchMap":{},"s":{"0":0,"1":0,"2":0,"3":0},"f":{"0":0,"1":0},"b":{}}
,"/home/yaqubjae/Documents/DEV/Sha-Intelligence/core-comm/app/(dashboard)/call-logs/page.tsx": {"path":"/home/yaqubjae/Documents/DEV/Sha-Intelligence/core-comm/app/(dashboard)/call-logs/page.tsx","statementMap":{"0":{"start":{"line":8,"column":24},"end":{"line":8,"column":null}},"1":{"start":{"line":1,"column":30},"end":{"line":1,"column":null}},"2":{"start":{"line":2,"column":74},"end":{"line":2,"column":null}},"3":{"start":{"line":3,"column":22},"end":{"line":3,"column":null}},"4":{"start":{"line":4,"column":23},"end":{"line":4,"column":null}},"5":{"start":{"line":5,"column":78},"end":{"line":5,"column":null}},"6":{"start":{"line":6,"column":41},"end":{"line":6,"column":null}}},"fnMap":{"0":{"name":"CallLogsPage","decl":{"start":{"line":8,"column":24},"end":{"line":8,"column":null}},"loc":{"start":{"line":8,"column":24},"end":{"line":124,"column":null}}}},"branchMap":{},"s":{"0":0,"1":0,"2":0,"3":0,"4":0,"5":0,"6":0},"f":{"0":0},"b":{}}
,"/home/yaqubjae/Documents/DEV/Sha-Intelligence/core-comm/app/(dashboard)/dashboard/page.tsx": {"path":"/home/yaqubjae/Documents/DEV/Sha-Intelligence/core-comm/app/(dashboard)/dashboard/page.tsx","statementMap":{"0":{"start":{"line":6,"column":24},"end":{"line":6,"column":null}},"1":{"start":{"line":1,"column":27},"end":{"line":1,"column":null}},"2":{"start":{"line":2,"column":29},"end":{"line":2,"column":null}},"3":{"start":{"line":3,"column":74},"end":{"line":3,"column":null}},"4":{"start":{"line":4,"column":47},"end":{"line":4,"column":null}}},"fnMap":{"0":{"name":"DashboardPage","decl":{"start":{"line":6,"column":24},"end":{"line":6,"column":null}},"loc":{"start":{"line":6,"column":24},"end":{"line":92,"column":null}}}},"branchMap":{},"s":{"0":0,"1":0,"2":0,"3":0,"4":0},"f":{"0":0},"b":{}}
,"/home/yaqubjae/Documents/DEV/Sha-Intelligence/core-comm/app/(dashboard)/integrations/page.tsx": {"path":"/home/yaqubjae/Documents/DEV/Sha-Intelligence/core-comm/app/(dashboard)/integrations/page.tsx","statementMap":{"0":{"start":{"line":37,"column":24},"end":{"line":37,"column":null}},"1":{"start":{"line":1,"column":32},"end":{"line":1,"column":null}},"2":{"start":{"line":2,"column":36},"end":{"line":2,"column":null}},"3":{"start":{"line":3,"column":74},"end":{"line":3,"column":null}},"4":{"start":{"line":4,"column":23},"end":{"line":4,"column":null}},"5":{"start":{"line":5,"column":54},"end":{"line":5,"column":null}},"6":{"start":{"line":7,"column":25},"end":{"line":35,"column":null}},"7":{"start":{"line":55,"column":10},"end":{"line":55,"column":48}}},"fnMap":{"0":{"name":"IntegrationsPage","decl":{"start":{"line":37,"column":24},"end":{"line":37,"column":null}},"loc":{"start":{"line":37,"column":24},"end":{"line":106,"column":null}}},"1":{"name":"(anonymous_2)","decl":{"start":{"line":54,"column":30},"end":{"line":54,"column":31}},"loc":{"start":{"line":55,"column":10},"end":{"line":55,"column":48}}}},"branchMap":{},"s":{"0":0,"1":0,"2":0,"3":0,"4":0,"5":0,"6":0,"7":0},"f":{"0":0,"1":0},"b":{}}
,"/home/yaqubjae/Documents/DEV/Sha-Intelligence/core-comm/app/(dashboard)/settings/page.tsx": {"path":"/home/yaqubjae/Documents/DEV/Sha-Intelligence/core-comm/app/(dashboard)/settings/page.tsx","statementMap":{"0":{"start":{"line":18,"column":24},"end":{"line":18,"column":null}},"1":{"start":{"line":3,"column":74},"end":{"line":3,"column":null}},"2":{"start":{"line":4,"column":23},"end":{"line":4,"column":null}},"3":{"start":{"line":5,"column":22},"end":{"line":5,"column":null}},"4":{"start":{"line":6,"column":22},"end":{"line":6,"column":null}},"5":{"start":{"line":7,"column":78},"end":{"line":7,"column":null}},"6":{"start":{"line":8,"column":23},"end":{"line":8,"column":null}},"7":{"start":{"line":9,"column":57},"end":{"line":9,"column":null}},"8":{"start":{"line":10,"column":52},"end":{"line":10,"column":null}},"9":{"start":{"line":11,"column":26},"end":{"line":11,"column":null}},"10":{"start":{"line":12,"column":31},"end":{"line":12,"column":null}},"11":{"start":{"line":13,"column":36},"end":{"line":13,"column":null}},"12":{"start":{"line":14,"column":31},"end":{"line":14,"column":null}},"13":{"start":{"line":15,"column":40},"end":{"line":15,"column":null}},"14":{"start":{"line":16,"column":36},"end":{"line":16,"column":null}},"15":{"start":{"line":19,"column":59},"end":{"line":19,"column":null}},"16":{"start":{"line":20,"column":34},"end":{"line":24,"column":null}},"17":{"start":{"line":25,"column":38},"end":{"line":25,"column":null}},"18":{"start":{"line":26,"column":44},"end":{"line":26,"column":null}},"19":{"start":{"line":29,"column":2},"end":{"line":37,"column":null}},"20":{"start":{"line":30,"column":4},"end":{"line":36,"column":null}},"21":{"start":{"line":31,"column":6},"end":{"line":35,"column":null}},"22":{"start":{"line":39,"column":28},"end":{"line":44,"column":null}},"23":{"start":{"line":40,"column":4},"end":{"line":43,"column":null}},"24":{"start":{"line":40,"column":25},"end":{"line":43,"column":null}},"25":{"start":{"line":46,"column":30},"end":{"line":64,"column":null}},"26":{"start":{"line":47,"column":4},"end":{"line":47,"column":null}},"27":{"start":{"line":48,"column":4},"end":{"line":48,"column":null}},"28":{"start":{"line":50,"column":4},"end":{"line":63,"column":null}},"29":{"start":{"line":51,"column":21},"end":{"line":51,"column":null}},"30":{"start":{"line":53,"column":6},"end":{"line":58,"column":null}},"31":{"start":{"line":54,"column":8},"end":{"line":54,"column":null}},"32":{"start":{"line":56,"column":8},"end":{"line":56,"column":null}},"33":{"start":{"line":57,"column":8},"end":{"line":57,"column":null}},"34":{"start":{"line":57,"column":25},"end":{"line":57,"column":49}},"35":{"start":{"line":60,"column":6},"end":{"line":60,"column":null}},"36":{"start":{"line":62,"column":6},"end":{"line":62,"column":null}},"37":{"start":{"line":66,"column":2},"end":{"line":72,"column":null}},"38":{"start":{"line":156,"column":37},"end":{"line":156,"column":null}},"39":{"start":{"line":183,"column":37},"end":{"line":183,"column":null}}},"fnMap":{"0":{"name":"SettingsPage","decl":{"start":{"line":18,"column":24},"end":{"line":18,"column":null}},"loc":{"start":{"line":18,"column":24},"end":{"line":485,"column":null}}},"1":{"name":"(anonymous_2)","decl":{"start":{"line":29,"column":12},"end":{"line":29,"column":null}},"loc":{"start":{"line":29,"column":12},"end":{"line":37,"column":5}}},"2":{"name":"(anonymous_3)","decl":{"start":{"line":39,"column":28},"end":{"line":39,"column":29}},"loc":{"start":{"line":39,"column":44},"end":{"line":44,"column":null}}},"3":{"name":"(anonymous_4)","decl":{"start":{"line":40,"column":16},"end":{"line":40,"column":25}},"loc":{"start":{"line":40,"column":25},"end":{"line":43,"column":null}}},"4":{"name":"(anonymous_5)","decl":{"start":{"line":46,"column":30},"end":{"line":46,"column":null}},"loc":{"start":{"line":46,"column":30},"end":{"line":64,"column":null}}},"5":{"name":"(anonymous_6)","decl":{"start":{"line":57,"column":19},"end":{"line":57,"column":25}},"loc":{"start":{"line":57,"column":25},"end":{"line":57,"column":49}}},"6":{"name":"(anonymous_7)","decl":{"start":{"line":156,"column":30},"end":{"line":156,"column":31}},"loc":{"start":{"line":156,"column":37},"end":{"line":156,"column":null}}},"7":{"name":"(anonymous_8)","decl":{"start":{"line":183,"column":30},"end":{"line":183,"column":31}},"loc":{"start":{"line":183,"column":37},"end":{"line":183,"column":null}}}},"branchMap":{"0":{"loc":{"start":{"line":30,"column":4},"end":{"line":36,"column":null}},"type":"if","locations":[{"start":{"line":30,"column":4},"end":{"line":36,"column":null}}]},"1":{"loc":{"start":{"line":32,"column":19},"end":{"line":32,"column":null}},"type":"binary-expr","locations":[{"start":{"line":32,"column":19},"end":{"line":32,"column":36}},{"start":{"line":32,"column":40},"end":{"line":32,"column":null}}]},"2":{"loc":{"start":{"line":33,"column":15},"end":{"line":33,"column":null}},"type":"binary-expr","locations":[{"start":{"line":33,"column":15},"end":{"line":33,"column":28}},{"start":{"line":33,"column":32},"end":{"line":33,"column":null}}]},"3":{"loc":{"start":{"line":34,"column":20},"end":{"line":34,"column":null}},"type":"binary-expr","locations":[{"start":{"line":34,"column":20},"end":{"line":34,"column":38}},{"start":{"line":34,"column":42},"end":{"line":34,"column":null}}]},"4":{"loc":{"start":{"line":53,"column":6},"end":{"line":58,"column":null}},"type":"if","locations":[{"start":{"line":53,"column":6},"end":{"line":58,"column":null}},{"start":{"line":55,"column":13},"end":{"line":58,"column":null}}]},"5":{"loc":{"start":{"line":66,"column":2},"end":{"line":72,"column":null}},"type":"if","locations":[{"start":{"line":66,"column":2},"end":{"line":72,"column":null}}]},"6":{"loc":{"start":{"line":81,"column":7},"end":{"line":81,"column":null}},"type":"binary-expr","locations":[{"start":{"line":81,"column":7},"end":{"line":81,"column":null}}]},"7":{"loc":{"start":{"line":82,"column":26},"end":{"line":82,"column":null}},"type":"cond-expr","locations":[{"start":{"line":82,"column":61},"end":{"line":82,"column":94}},{"start":{"line":82,"column":94},"end":{"line":82,"column":null}}]},"8":{"loc":{"start":{"line":84,"column":39},"end":{"line":84,"column":null}},"type":"cond-expr","locations":[{"start":{"line":84,"column":74},"end":{"line":84,"column":93}},{"start":{"line":84,"column":93},"end":{"line":84,"column":null}}]},"9":{"loc":{"start":{"line":129,"column":36},"end":{"line":129,"column":null}},"type":"binary-expr","locations":[{"start":{"line":129,"column":36},"end":{"line":129,"column":59}},{"start":{"line":129,"column":59},"end":{"line":129,"column":null}}]},"10":{"loc":{"start":{"line":169,"column":27},"end":{"line":169,"column":null}},"type":"binary-expr","locations":[{"start":{"line":169,"column":27},"end":{"line":169,"column":45}},{"start":{"line":169,"column":45},"end":{"line":169,"column":null}}]},"11":{"loc":{"start":{"line":195,"column":27},"end":{"line":195,"column":null}},"type":"binary-expr","locations":[{"start":{"line":195,"column":27},"end":{"line":195,"column":44}},{"start":{"line":195,"column":44},"end":{"line":195,"column":null}}]},"12":{"loc":{"start":{"line":207,"column":17},"end":{"line":207,"column":31}},"type":"binary-expr","locations":[{"start":{"line":207,"column":17},"end":{"line":207,"column":31}}]},"13":{"loc":{"start":{"line":208,"column":17},"end":{"line":208,"column":null}},"type":"cond-expr","locations":[{"start":{"line":208,"column":30},"end":{"line":208,"column":44}},{"start":{"line":208,"column":44},"end":{"line":208,"column":null}}]}},"s":{"0":0,"1":0,"2":0,"3":0,"4":0,"5":0,"6":0,"7":0,"8":0,"9":0,"10":0,"11":0,"12":0,"13":0,"14":0,"15":0,"16":0,"17":0,"18":0,"19":0,"20":0,"21":0,"22":0,"23":0,"24":0,"25":0,"26":0,"27":0,"28":0,"29":0,"30":0,"31":0,"32":0,"33":0,"34":0,"35":0,"36":0,"37":0,"38":0,"39":0},"f":{"0":0,"1":0,"2":0,"3":0,"4":0,"5":0,"6":0,"7":0},"b":{"0":[0],"1":[0,0],"2":[0,0],"3":[0,0],"4":[0,0],"5":[0],"6":[0],"7":[0,0],"8":[0,0],"9":[0,0],"10":[0,0],"11":[0,0],"12":[0],"13":[0,0]}}
,"/home/yaqubjae/Documents/DEV/Sha-Intelligence/core-comm/app/api/auth/signup/route.ts": {"path":"/home/yaqubjae/Documents/DEV/Sha-Intelligence/core-comm/app/api/auth/signup/route.ts","statementMap":{"0":{"start":{"line":7,"column":22},"end":{"line":7,"column":27}},"1":{"start":{"line":2,"column":37},"end":{"line":2,"column":null}},"2":{"start":{"line":3,"column":40},"end":{"line":3,"column":null}},"3":{"start":{"line":4,"column":30},"end":{"line":4,"column":null}},"4":{"start":{"line":5,"column":92},"end":{"line":5,"column":null}},"5":{"start":{"line":8,"column":2},"end":{"line":62,"column":null}},"6":{"start":{"line":10,"column":28},"end":{"line":10,"column":null}},"7":{"start":{"line":11,"column":4},"end":{"line":13,"column":null}},"8":{"start":{"line":12,"column":6},"end":{"line":12,"column":null}},"9":{"start":{"line":16,"column":17},"end":{"line":16,"column":null}},"10":{"start":{"line":18,"column":4},"end":{"line":20,"column":null}},"11":{"start":{"line":19,"column":6},"end":{"line":19,"column":null}},"12":{"start":{"line":22,"column":29},"end":{"line":26,"column":null}},"13":{"start":{"line":29,"column":26},"end":{"line":34,"column":null}},"14":{"start":{"line":36,"column":27},"end":{"line":36,"column":null}},"15":{"start":{"line":38,"column":49},"end":{"line":42,"column":null}},"16":{"start":{"line":44,"column":4},"end":{"line":53,"column":null}},"17":{"start":{"line":45,"column":6},"end":{"line":45,"column":null}},"18":{"start":{"line":48,"column":6},"end":{"line":50,"column":null}},"19":{"start":{"line":49,"column":8},"end":{"line":49,"column":null}},"20":{"start":{"line":52,"column":6},"end":{"line":52,"column":null}},"21":{"start":{"line":55,"column":4},"end":{"line":57,"column":null}},"22":{"start":{"line":61,"column":4},"end":{"line":61,"column":null}}},"fnMap":{"0":{"name":"POST","decl":{"start":{"line":7,"column":22},"end":{"line":7,"column":27}},"loc":{"start":{"line":7,"column":43},"end":{"line":63,"column":null}}}},"branchMap":{"0":{"loc":{"start":{"line":11,"column":4},"end":{"line":13,"column":null}},"type":"if","locations":[{"start":{"line":11,"column":4},"end":{"line":13,"column":null}}]},"1":{"loc":{"start":{"line":18,"column":4},"end":{"line":20,"column":null}},"type":"if","locations":[{"start":{"line":18,"column":4},"end":{"line":20,"column":null}}]},"2":{"loc":{"start":{"line":25,"column":13},"end":{"line":25,"column":null}},"type":"binary-expr","locations":[{"start":{"line":25,"column":13},"end":{"line":25,"column":23}},{"start":{"line":25,"column":27},"end":{"line":25,"column":null}}]},"3":{"loc":{"start":{"line":33,"column":13},"end":{"line":33,"column":null}},"type":"binary-expr","locations":[{"start":{"line":33,"column":13},"end":{"line":33,"column":47}},{"start":{"line":33,"column":47},"end":{"line":33,"column":null}}]},"4":{"loc":{"start":{"line":44,"column":4},"end":{"line":53,"column":null}},"type":"if","locations":[{"start":{"line":44,"column":4},"end":{"line":53,"column":null}}]},"5":{"loc":{"start":{"line":48,"column":6},"end":{"line":50,"column":null}},"type":"if","locations":[{"start":{"line":48,"column":6},"end":{"line":50,"column":null}}]}},"s":{"0":0,"1":0,"2":0,"3":0,"4":0,"5":0,"6":0,"7":0,"8":0,"9":0,"10":0,"11":0,"12":0,"13":0,"14":0,"15":0,"16":0,"17":0,"18":0,"19":0,"20":0,"21":0,"22":0},"f":{"0":0},"b":{"0":[0],"1":[0],"2":[0,0],"3":[0,0],"4":[0],"5":[0]}}
,"/home/yaqubjae/Documents/DEV/Sha-Intelligence/core-comm/app/api/calls/route.ts": {"path":"/home/yaqubjae/Documents/DEV/Sha-Intelligence/core-comm/app/api/calls/route.ts","statementMap":{"0":{"start":{"line":6,"column":22},"end":{"line":6,"column":25}},"1":{"start":{"line":71,"column":22},"end":{"line":71,"column":26}},"2":{"start":{"line":2,"column":29},"end":{"line":2,"column":null}},"3":{"start":{"line":3,"column":84},"end":{"line":3,"column":null}},"4":{"start":{"line":4,"column":51},"end":{"line":4,"column":null}},"5":{"start":{"line":7,"column":2},"end":{"line":68,"column":null}},"6":{"start":{"line":8,"column":29},"end":{"line":8,"column":null}},"7":{"start":{"line":9,"column":24},"end":{"line":9,"column":null}},"8":{"start":{"line":12,"column":76},"end":{"line":12,"column":null}},"9":{"start":{"line":14,"column":21},"end":{"line":14,"column":null}},"10":{"start":{"line":17,"column":49},"end":{"line":17,"column":null}},"11":{"start":{"line":18,"column":4},"end":{"line":20,"column":null}},"12":{"start":{"line":19,"column":6},"end":{"line":19,"column":null}},"13":{"start":{"line":23,"column":16},"end":{"line":27,"column":null}},"14":{"start":{"line":30,"column":4},"end":{"line":32,"column":null}},"15":{"start":{"line":31,"column":6},"end":{"line":31,"column":null}},"16":{"start":{"line":33,"column":4},"end":{"line":35,"column":null}},"17":{"start":{"line":34,"column":6},"end":{"line":34,"column":null}},"18":{"start":{"line":36,"column":4},"end":{"line":38,"column":null}},"19":{"start":{"line":37,"column":6},"end":{"line":37,"column":null}},"20":{"start":{"line":39,"column":4},"end":{"line":41,"column":null}},"21":{"start":{"line":40,"column":6},"end":{"line":40,"column":null}},"22":{"start":{"line":44,"column":17},"end":{"line":44,"column":null}},"23":{"start":{"line":45,"column":4},"end":{"line":45,"column":null}},"24":{"start":{"line":47,"column":42},"end":{"line":47,"column":null}},"25":{"start":{"line":49,"column":4},"end":{"line":52,"column":null}},"26":{"start":{"line":50,"column":6},"end":{"line":50,"column":null}},"27":{"start":{"line":51,"column":6},"end":{"line":51,"column":null}},"28":{"start":{"line":54,"column":23},"end":{"line":54,"column":null}},"29":{"start":{"line":56,"column":4},"end":{"line":64,"column":null}},"30":{"start":{"line":66,"column":4},"end":{"line":66,"column":null}},"31":{"start":{"line":67,"column":4},"end":{"line":67,"column":null}},"32":{"start":{"line":72,"column":2},"end":{"line":110,"column":null}},"33":{"start":{"line":73,"column":17},"end":{"line":73,"column":null}},"34":{"start":{"line":76,"column":21},"end":{"line":76,"column":null}},"35":{"start":{"line":78,"column":21},"end":{"line":78,"column":null}},"36":{"start":{"line":81,"column":49},"end":{"line":81,"column":null}},"37":{"start":{"line":82,"column":4},"end":{"line":84,"column":null}},"38":{"start":{"line":83,"column":6},"end":{"line":83,"column":null}},"39":{"start":{"line":87,"column":25},"end":{"line":90,"column":null}},"40":{"start":{"line":92,"column":34},"end":{"line":96,"column":null}},"41":{"start":{"line":98,"column":4},"end":{"line":101,"column":null}},"42":{"start":{"line":99,"column":6},"end":{"line":99,"column":null}},"43":{"start":{"line":100,"column":6},"end":{"line":100,"column":null}},"44":{"start":{"line":103,"column":4},"end":{"line":103,"column":null}},"45":{"start":{"line":105,"column":4},"end":{"line":105,"column":null}},"46":{"start":{"line":106,"column":4},"end":{"line":108,"column":null}},"47":{"start":{"line":107,"column":6},"end":{"line":107,"column":null}},"48":{"start":{"line":109,"column":4},"end":{"line":109,"column":null}}},"fnMap":{"0":{"name":"GET","decl":{"start":{"line":6,"column":22},"end":{"line":6,"column":25}},"loc":{"start":{"line":6,"column":46},"end":{"line":69,"column":null}}},"1":{"name":"POST","decl":{"start":{"line":71,"column":22},"end":{"line":71,"column":26}},"loc":{"start":{"line":71,"column":47},"end":{"line":111,"column":null}}}},"branchMap":{"0":{"loc":{"start":{"line":18,"column":4},"end":{"line":20,"column":null}},"type":"if","locations":[{"start":{"line":18,"column":4},"end":{"line":20,"column":null}}]},"1":{"loc":{"start":{"line":18,"column":8},"end":{"line":18,"column":28}},"type":"binary-expr","locations":[{"start":{"line":18,"column":8},"end":{"line":18,"column":21}},{"start":{"line":18,"column":21},"end":{"line":18,"column":28}}]},"2":{"loc":{"start":{"line":30,"column":4},"end":{"line":32,"column":null}},"type":"if","locations":[{"start":{"line":30,"column":4},"end":{"line":32,"column":null}}]},"3":{"loc":{"start":{"line":33,"column":4},"end":{"line":35,"column":null}},"type":"if","locations":[{"start":{"line":33,"column":4},"end":{"line":35,"column":null}}]},"4":{"loc":{"start":{"line":36,"column":4},"end":{"line":38,"column":null}},"type":"if","locations":[{"start":{"line":36,"column":4},"end":{"line":38,"column":null}}]},"5":{"loc":{"start":{"line":39,"column":4},"end":{"line":41,"column":null}},"type":"if","locations":[{"start":{"line":39,"column":4},"end":{"line":41,"column":null}}]},"6":{"loc":{"start":{"line":49,"column":4},"end":{"line":52,"column":null}},"type":"if","locations":[{"start":{"line":49,"column":4},"end":{"line":52,"column":null}}]},"7":{"loc":{"start":{"line":54,"column":34},"end":{"line":54,"column":48}},"type":"binary-expr","locations":[{"start":{"line":54,"column":34},"end":{"line":54,"column":43}},{"start":{"line":54,"column":43},"end":{"line":54,"column":48}}]},"8":{"loc":{"start":{"line":61,"column":15},"end":{"line":61,"column":null}},"type":"binary-expr","locations":[{"start":{"line":61,"column":15},"end":{"line":61,"column":24}},{"start":{"line":61,"column":24},"end":{"line":61,"column":null}}]},"9":{"loc":{"start":{"line":82,"column":4},"end":{"line":84,"column":null}},"type":"if","locations":[{"start":{"line":82,"column":4},"end":{"line":84,"column":null}}]},"10":{"loc":{"start":{"line":82,"column":8},"end":{"line":82,"column":28}},"type":"binary-expr","locations":[{"start":{"line":82,"column":8},"end":{"line":82,"column":21}},{"start":{"line":82,"column":21},"end":{"line":82,"column":28}}]},"11":{"loc":{"start":{"line":98,"column":4},"end":{"line":101,"column":null}},"type":"if","locations":[{"start":{"line":98,"column":4},"end":{"line":101,"column":null}}]},"12":{"loc":{"start":{"line":106,"column":4},"end":{"line":108,"column":null}},"type":"if","locations":[{"start":{"line":106,"column":4},"end":{"line":108,"column":null}}]},"13":{"loc":{"start":{"line":106,"column":8},"end":{"line":106,"column":61}},"type":"binary-expr","locations":[{"start":{"line":106,"column":8},"end":{"line":106,"column":34}},{"start":{"line":106,"column":34},"end":{"line":106,"column":61}}]}},"s":{"0":0,"1":0,"2":0,"3":0,"4":0,"5":0,"6":0,"7":0,"8":0,"9":0,"10":0,"11":0,"12":0,"13":0,"14":0,"15":0,"16":0,"17":0,"18":0,"19":0,"20":0,"21":0,"22":0,"23":0,"24":0,"25":0,"26":0,"27":0,"28":0,"29":0,"30":0,"31":0,"32":0,"33":0,"34":0,"35":0,"36":0,"37":0,"38":0,"39":0,"40":0,"41":0,"42":0,"43":0,"44":0,"45":0,"46":0,"47":0,"48":0},"f":{"0":0,"1":0},"b":{"0":[0],"1":[0,0],"2":[0],"3":[0],"4":[0],"5":[0],"6":[0],"7":[0,0],"8":[0,0],"9":[0],"10":[0,0],"11":[0],"12":[0],"13":[0,0]}}
,"/home/yaqubjae/Documents/DEV/Sha-Intelligence/core-comm/app/api/calls/[id]/route.ts": {"path":"/home/yaqubjae/Documents/DEV/Sha-Intelligence/core-comm/app/api/calls/[id]/route.ts","statementMap":{"0":{"start":{"line":82,"column":22},"end":{"line":82,"column":28}},"1":{"start":{"line":6,"column":22},"end":{"line":6,"column":25}},"2":{"start":{"line":40,"column":22},"end":{"line":40,"column":25}},"3":{"start":{"line":2,"column":29},"end":{"line":2,"column":null}},"4":{"start":{"line":3,"column":59},"end":{"line":3,"column":null}},"5":{"start":{"line":4,"column":33},"end":{"line":4,"column":null}},"6":{"start":{"line":10,"column":2},"end":{"line":37,"column":null}},"7":{"start":{"line":11,"column":19},"end":{"line":11,"column":null}},"8":{"start":{"line":13,"column":21},"end":{"line":13,"column":null}},"9":{"start":{"line":16,"column":49},"end":{"line":16,"column":null}},"10":{"start":{"line":17,"column":4},"end":{"line":19,"column":null}},"11":{"start":{"line":18,"column":6},"end":{"line":18,"column":null}},"12":{"start":{"line":21,"column":34},"end":{"line":26,"column":null}},"13":{"start":{"line":28,"column":4},"end":{"line":31,"column":null}},"14":{"start":{"line":29,"column":6},"end":{"line":29,"column":null}},"15":{"start":{"line":30,"column":6},"end":{"line":30,"column":null}},"16":{"start":{"line":33,"column":4},"end":{"line":33,"column":null}},"17":{"start":{"line":35,"column":4},"end":{"line":35,"column":null}},"18":{"start":{"line":36,"column":4},"end":{"line":36,"column":null}},"19":{"start":{"line":44,"column":2},"end":{"line":79,"column":null}},"20":{"start":{"line":45,"column":19},"end":{"line":45,"column":null}},"21":{"start":{"line":46,"column":17},"end":{"line":46,"column":null}},"22":{"start":{"line":49,"column":23},"end":{"line":49,"column":null}},"23":{"start":{"line":51,"column":21},"end":{"line":51,"column":null}},"24":{"start":{"line":54,"column":49},"end":{"line":54,"column":null}},"25":{"start":{"line":55,"column":4},"end":{"line":57,"column":null}},"26":{"start":{"line":56,"column":6},"end":{"line":56,"column":null}},"27":{"start":{"line":59,"column":34},"end":{"line":65,"column":null}},"28":{"start":{"line":67,"column":4},"end":{"line":70,"column":null}},"29":{"start":{"line":68,"column":6},"end":{"line":68,"column":null}},"30":{"start":{"line":69,"column":6},"end":{"line":69,"column":null}},"31":{"start":{"line":72,"column":4},"end":{"line":72,"column":null}},"32":{"start":{"line":74,"column":4},"end":{"line":74,"column":null}},"33":{"start":{"line":75,"column":4},"end":{"line":77,"column":null}},"34":{"start":{"line":76,"column":6},"end":{"line":76,"column":null}},"35":{"start":{"line":78,"column":4},"end":{"line":78,"column":null}},"36":{"start":{"line":86,"column":2},"end":{"line":112,"column":null}},"37":{"start":{"line":87,"column":19},"end":{"line":87,"column":null}},"38":{"start":{"line":89,"column":21},"end":{"line":89,"column":null}},"39":{"start":{"line":92,"column":49},"end":{"line":92,"column":null}},"40":{"start":{"line":93,"column":4},"end":{"line":95,"column":null}},"41":{"start":{"line":94,"column":6},"end":{"line":94,"column":null}},"42":{"start":{"line":97,"column":22},"end":{"line":101,"column":null}},"43":{"start":{"line":103,"column":4},"end":{"line":106,"column":null}},"44":{"start":{"line":104,"column":6},"end":{"line":104,"column":null}},"45":{"start":{"line":105,"column":6},"end":{"line":105,"column":null}},"46":{"start":{"line":108,"column":4},"end":{"line":108,"column":null}},"47":{"start":{"line":110,"column":4},"end":{"line":110,"column":null}},"48":{"start":{"line":111,"column":4},"end":{"line":111,"column":null}}},"fnMap":{"0":{"name":"GET","decl":{"start":{"line":6,"column":22},"end":{"line":6,"column":25}},"loc":{"start":{"line":8,"column":40},"end":{"line":38,"column":null}}},"1":{"name":"PUT","decl":{"start":{"line":40,"column":22},"end":{"line":40,"column":25}},"loc":{"start":{"line":42,"column":40},"end":{"line":80,"column":null}}},"2":{"name":"DELETE","decl":{"start":{"line":82,"column":22},"end":{"line":82,"column":28}},"loc":{"start":{"line":84,"column":40},"end":{"line":113,"column":null}}}},"branchMap":{"0":{"loc":{"start":{"line":17,"column":4},"end":{"line":19,"column":null}},"type":"if","locations":[{"start":{"line":17,"column":4},"end":{"line":19,"column":null}}]},"1":{"loc":{"start":{"line":17,"column":8},"end":{"line":17,"column":28}},"type":"binary-expr","locations":[{"start":{"line":17,"column":8},"end":{"line":17,"column":21}},{"start":{"line":17,"column":21},"end":{"line":17,"column":28}}]},"2":{"loc":{"start":{"line":28,"column":4},"end":{"line":31,"column":null}},"type":"if","locations":[{"start":{"line":28,"column":4},"end":{"line":31,"column":null}}]},"3":{"loc":{"start":{"line":55,"column":4},"end":{"line":57,"column":null}},"type":"if","locations":[{"start":{"line":55,"column":4},"end":{"line":57,"column":null}}]},"4":{"loc":{"start":{"line":55,"column":8},"end":{"line":55,"column":28}},"type":"binary-expr","locations":[{"start":{"line":55,"column":8},"end":{"line":55,"column":21}},{"start":{"line":55,"column":21},"end":{"line":55,"column":28}}]},"5":{"loc":{"start":{"line":67,"column":4},"end":{"line":70,"column":null}},"type":"if","locations":[{"start":{"line":67,"column":4},"end":{"line":70,"column":null}}]},"6":{"loc":{"start":{"line":75,"column":4},"end":{"line":77,"column":null}},"type":"if","locations":[{"start":{"line":75,"column":4},"end":{"line":77,"column":null}}]},"7":{"loc":{"start":{"line":75,"column":8},"end":{"line":75,"column":61}},"type":"binary-expr","locations":[{"start":{"line":75,"column":8},"end":{"line":75,"column":34}},{"start":{"line":75,"column":34},"end":{"line":75,"column":61}}]},"8":{"loc":{"start":{"line":93,"column":4},"end":{"line":95,"column":null}},"type":"if","locations":[{"start":{"line":93,"column":4},"end":{"line":95,"column":null}}]},"9":{"loc":{"start":{"line":93,"column":8},"end":{"line":93,"column":28}},"type":"binary-expr","locations":[{"start":{"line":93,"column":8},"end":{"line":93,"column":21}},{"start":{"line":93,"column":21},"end":{"line":93,"column":28}}]},"10":{"loc":{"start":{"line":103,"column":4},"end":{"line":106,"column":null}},"type":"if","locations":[{"start":{"line":103,"column":4},"end":{"line":106,"column":null}}]}},"s":{"0":0,"1":0,"2":0,"3":0,"4":0,"5":0,"6":0,"7":0,"8":0,"9":0,"10":0,"11":0,"12":0,"13":0,"14":0,"15":0,"16":0,"17":0,"18":0,"19":0,"20":0,"21":0,"22":0,"23":0,"24":0,"25":0,"26":0,"27":0,"28":0,"29":0,"30":0,"31":0,"32":0,"33":0,"34":0,"35":0,"36":0,"37":0,"38":0,"39":0,"40":0,"41":0,"42":0,"43":0,"44":0,"45":0,"46":0,"47":0,"48":0},"f":{"0":0,"1":0,"2":0},"b":{"0":[0],"1":[0,0],"2":[0],"3":[0],"4":[0,0],"5":[0],"6":[0],"7":[0,0],"8":[0],"9":[0,0],"10":[0]}}
,"/home/yaqubjae/Documents/DEV/Sha-Intelligence/core-comm/app/api/csrf/route.ts": {"path":"/home/yaqubjae/Documents/DEV/Sha-Intelligence/core-comm/app/api/csrf/route.ts","statementMap":{"0":{"start":{"line":4,"column":22},"end":{"line":4,"column":26}},"1":{"start":{"line":1,"column":42},"end":{"line":1,"column":null}},"2":{"start":{"line":2,"column":34},"end":{"line":2,"column":null}},"3":{"start":{"line":5,"column":2},"end":{"line":24,"column":null}},"4":{"start":{"line":6,"column":36},"end":{"line":6,"column":null}},"5":{"start":{"line":8,"column":21},"end":{"line":11,"column":null}},"6":{"start":{"line":14,"column":4},"end":{"line":14,"column":null}},"7":{"start":{"line":16,"column":4},"end":{"line":16,"column":null}},"8":{"start":{"line":18,"column":4},"end":{"line":18,"column":null}},"9":{"start":{"line":20,"column":4},"end":{"line":22,"column":null}}},"fnMap":{"0":{"name":"GET","decl":{"start":{"line":4,"column":22},"end":{"line":4,"column":26}},"loc":{"start":{"line":4,"column":46},"end":{"line":25,"column":null}}}},"branchMap":{},"s":{"0":4,"1":1,"2":1,"3":4,"4":4,"5":4,"6":4,"7":4,"8":0,"9":0},"f":{"0":4},"b":{}}
,"/home/yaqubjae/Documents/DEV/Sha-Intelligence/core-comm/app/api/health/route.ts": {"path":"/home/yaqubjae/Documents/DEV/Sha-Intelligence/core-comm/app/api/health/route.ts","statementMap":{"0":{"start":{"line":4,"column":22},"end":{"line":4,"column":null}},"1":{"start":{"line":1,"column":29},"end":{"line":1,"column":null}},"2":{"start":{"line":2,"column":27},"end":{"line":2,"column":null}},"3":{"start":{"line":5,"column":2},"end":{"line":27,"column":null}},"4":{"start":{"line":6,"column":25},"end":{"line":6,"column":null}},"5":{"start":{"line":9,"column":23},"end":{"line":10,"column":null}},"6":{"start":{"line":12,"column":4},"end":{"line":12,"column":null}},"7":{"start":{"line":14,"column":4},"end":{"line":14,"column":null}},"8":{"start":{"line":16,"column":4},"end":{"line":26,"column":null}}},"fnMap":{"0":{"name":"GET","decl":{"start":{"line":4,"column":22},"end":{"line":4,"column":null}},"loc":{"start":{"line":4,"column":22},"end":{"line":28,"column":null}}}},"branchMap":{"0":{"loc":{"start":{"line":9,"column":23},"end":{"line":10,"column":null}},"type":"cond-expr","locations":[{"start":{"line":9,"column":59},"end":{"line":9,"column":null}},{"start":{"line":10,"column":22},"end":{"line":10,"column":null}}]},"1":{"loc":{"start":{"line":10,"column":22},"end":{"line":10,"column":null}},"type":"cond-expr","locations":[{"start":{"line":10,"column":59},"end":{"line":10,"column":65}},{"start":{"line":10,"column":65},"end":{"line":10,"column":null}}]},"2":{"loc":{"start":{"line":25,"column":15},"end":{"line":25,"column":null}},"type":"binary-expr","locations":[{"start":{"line":25,"column":15},"end":{"line":25,"column":46}},{"start":{"line":25,"column":50},"end":{"line":25,"column":null}}]}},"s":{"0":3,"1":1,"2":1,"3":3,"4":3,"5":2,"6":2,"7":1,"8":1},"f":{"0":3},"b":{"0":[1,1],"1":[0,1],"2":[1,0]}}
,"/home/yaqubjae/Documents/DEV/Sha-Intelligence/core-comm/app/api/integrations/route.ts": {"path":"/home/yaqubjae/Documents/DEV/Sha-Intelligence/core-comm/app/api/integrations/route.ts","statementMap":{"0":{"start":{"line":6,"column":22},"end":{"line":6,"column":25}},"1":{"start":{"line":68,"column":22},"end":{"line":68,"column":26}},"2":{"start":{"line":2,"column":29},"end":{"line":2,"column":null}},"3":{"start":{"line":3,"column":59},"end":{"line":3,"column":null}},"4":{"start":{"line":4,"column":65},"end":{"line":4,"column":null}},"5":{"start":{"line":7,"column":2},"end":{"line":65,"column":null}},"6":{"start":{"line":8,"column":29},"end":{"line":8,"column":null}},"7":{"start":{"line":9,"column":24},"end":{"line":9,"column":null}},"8":{"start":{"line":12,"column":50},"end":{"line":12,"column":null}},"9":{"start":{"line":14,"column":21},"end":{"line":14,"column":null}},"10":{"start":{"line":17,"column":49},"end":{"line":17,"column":null}},"11":{"start":{"line":18,"column":4},"end":{"line":20,"column":null}},"12":{"start":{"line":19,"column":6},"end":{"line":19,"column":null}},"13":{"start":{"line":23,"column":16},"end":{"line":27,"column":null}},"14":{"start":{"line":30,"column":4},"end":{"line":32,"column":null}},"15":{"start":{"line":31,"column":6},"end":{"line":31,"column":null}},"16":{"start":{"line":33,"column":4},"end":{"line":35,"column":null}},"17":{"start":{"line":34,"column":6},"end":{"line":34,"column":null}},"18":{"start":{"line":36,"column":4},"end":{"line":38,"column":null}},"19":{"start":{"line":37,"column":6},"end":{"line":37,"column":null}},"20":{"start":{"line":41,"column":17},"end":{"line":41,"column":null}},"21":{"start":{"line":42,"column":4},"end":{"line":42,"column":null}},"22":{"start":{"line":44,"column":49},"end":{"line":44,"column":null}},"23":{"start":{"line":46,"column":4},"end":{"line":49,"column":null}},"24":{"start":{"line":47,"column":6},"end":{"line":47,"column":null}},"25":{"start":{"line":48,"column":6},"end":{"line":48,"column":null}},"26":{"start":{"line":51,"column":23},"end":{"line":51,"column":null}},"27":{"start":{"line":53,"column":4},"end":{"line":61,"column":null}},"28":{"start":{"line":63,"column":4},"end":{"line":63,"column":null}},"29":{"start":{"line":64,"column":4},"end":{"line":64,"column":null}},"30":{"start":{"line":69,"column":2},"end":{"line":107,"column":null}},"31":{"start":{"line":70,"column":17},"end":{"line":70,"column":null}},"32":{"start":{"line":73,"column":28},"end":{"line":73,"column":null}},"33":{"start":{"line":75,"column":21},"end":{"line":75,"column":null}},"34":{"start":{"line":78,"column":49},"end":{"line":78,"column":null}},"35":{"start":{"line":79,"column":4},"end":{"line":81,"column":null}},"36":{"start":{"line":80,"column":6},"end":{"line":80,"column":null}},"37":{"start":{"line":84,"column":32},"end":{"line":87,"column":null}},"38":{"start":{"line":89,"column":41},"end":{"line":93,"column":null}},"39":{"start":{"line":95,"column":4},"end":{"line":98,"column":null}},"40":{"start":{"line":96,"column":6},"end":{"line":96,"column":null}},"41":{"start":{"line":97,"column":6},"end":{"line":97,"column":null}},"42":{"start":{"line":100,"column":4},"end":{"line":100,"column":null}},"43":{"start":{"line":102,"column":4},"end":{"line":102,"column":null}},"44":{"start":{"line":103,"column":4},"end":{"line":105,"column":null}},"45":{"start":{"line":104,"column":6},"end":{"line":104,"column":null}},"46":{"start":{"line":106,"column":4},"end":{"line":106,"column":null}}},"fnMap":{"0":{"name":"GET","decl":{"start":{"line":6,"column":22},"end":{"line":6,"column":25}},"loc":{"start":{"line":6,"column":46},"end":{"line":66,"column":null}}},"1":{"name":"POST","decl":{"start":{"line":68,"column":22},"end":{"line":68,"column":26}},"loc":{"start":{"line":68,"column":47},"end":{"line":108,"column":null}}}},"branchMap":{"0":{"loc":{"start":{"line":18,"column":4},"end":{"line":20,"column":null}},"type":"if","locations":[{"start":{"line":18,"column":4},"end":{"line":20,"column":null}}]},"1":{"loc":{"start":{"line":18,"column":8},"end":{"line":18,"column":28}},"type":"binary-expr","locations":[{"start":{"line":18,"column":8},"end":{"line":18,"column":21}},{"start":{"line":18,"column":21},"end":{"line":18,"column":28}}]},"2":{"loc":{"start":{"line":30,"column":4},"end":{"line":32,"column":null}},"type":"if","locations":[{"start":{"line":30,"column":4},"end":{"line":32,"column":null}}]},"3":{"loc":{"start":{"line":33,"column":4},"end":{"line":35,"column":null}},"type":"if","locations":[{"start":{"line":33,"column":4},"end":{"line":35,"column":null}}]},"4":{"loc":{"start":{"line":36,"column":4},"end":{"line":38,"column":null}},"type":"if","locations":[{"start":{"line":36,"column":4},"end":{"line":38,"column":null}}]},"5":{"loc":{"start":{"line":46,"column":4},"end":{"line":49,"column":null}},"type":"if","locations":[{"start":{"line":46,"column":4},"end":{"line":49,"column":null}}]},"6":{"loc":{"start":{"line":51,"column":34},"end":{"line":51,"column":48}},"type":"binary-expr","locations":[{"start":{"line":51,"column":34},"end":{"line":51,"column":43}},{"start":{"line":51,"column":43},"end":{"line":51,"column":48}}]},"7":{"loc":{"start":{"line":58,"column":15},"end":{"line":58,"column":null}},"type":"binary-expr","locations":[{"start":{"line":58,"column":15},"end":{"line":58,"column":24}},{"start":{"line":58,"column":24},"end":{"line":58,"column":null}}]},"8":{"loc":{"start":{"line":79,"column":4},"end":{"line":81,"column":null}},"type":"if","locations":[{"start":{"line":79,"column":4},"end":{"line":81,"column":null}}]},"9":{"loc":{"start":{"line":79,"column":8},"end":{"line":79,"column":28}},"type":"binary-expr","locations":[{"start":{"line":79,"column":8},"end":{"line":79,"column":21}},{"start":{"line":79,"column":21},"end":{"line":79,"column":28}}]},"10":{"loc":{"start":{"line":95,"column":4},"end":{"line":98,"column":null}},"type":"if","locations":[{"start":{"line":95,"column":4},"end":{"line":98,"column":null}}]},"11":{"loc":{"start":{"line":103,"column":4},"end":{"line":105,"column":null}},"type":"if","locations":[{"start":{"line":103,"column":4},"end":{"line":105,"column":null}}]},"12":{"loc":{"start":{"line":103,"column":8},"end":{"line":103,"column":61}},"type":"binary-expr","locations":[{"start":{"line":103,"column":8},"end":{"line":103,"column":34}},{"start":{"line":103,"column":34},"end":{"line":103,"column":61}}]}},"s":{"0":0,"1":0,"2":0,"3":0,"4":0,"5":0,"6":0,"7":0,"8":0,"9":0,"10":0,"11":0,"12":0,"13":0,"14":0,"15":0,"16":0,"17":0,"18":0,"19":0,"20":0,"21":0,"22":0,"23":0,"24":0,"25":0,"26":0,"27":0,"28":0,"29":0,"30":0,"31":0,"32":0,"33":0,"34":0,"35":0,"36":0,"37":0,"38":0,"39":0,"40":0,"41":0,"42":0,"43":0,"44":0,"45":0,"46":0},"f":{"0":0,"1":0},"b":{"0":[0],"1":[0,0],"2":[0],"3":[0],"4":[0],"5":[0],"6":[0,0],"7":[0,0],"8":[0],"9":[0,0],"10":[0],"11":[0],"12":[0,0]}}
,"/home/yaqubjae/Documents/DEV/Sha-Intelligence/core-comm/app/api/integrations/[id]/route.ts": {"path":"/home/yaqubjae/Documents/DEV/Sha-Intelligence/core-comm/app/api/integrations/[id]/route.ts","statementMap":{"0":{"start":{"line":82,"column":22},"end":{"line":82,"column":28}},"1":{"start":{"line":6,"column":22},"end":{"line":6,"column":25}},"2":{"start":{"line":40,"column":22},"end":{"line":40,"column":25}},"3":{"start":{"line":2,"column":29},"end":{"line":2,"column":null}},"4":{"start":{"line":3,"column":59},"end":{"line":3,"column":null}},"5":{"start":{"line":4,"column":40},"end":{"line":4,"column":null}},"6":{"start":{"line":10,"column":2},"end":{"line":37,"column":null}},"7":{"start":{"line":11,"column":19},"end":{"line":11,"column":null}},"8":{"start":{"line":13,"column":21},"end":{"line":13,"column":null}},"9":{"start":{"line":16,"column":49},"end":{"line":16,"column":null}},"10":{"start":{"line":17,"column":4},"end":{"line":19,"column":null}},"11":{"start":{"line":18,"column":6},"end":{"line":18,"column":null}},"12":{"start":{"line":21,"column":41},"end":{"line":26,"column":null}},"13":{"start":{"line":28,"column":4},"end":{"line":31,"column":null}},"14":{"start":{"line":29,"column":6},"end":{"line":29,"column":null}},"15":{"start":{"line":30,"column":6},"end":{"line":30,"column":null}},"16":{"start":{"line":33,"column":4},"end":{"line":33,"column":null}},"17":{"start":{"line":35,"column":4},"end":{"line":35,"column":null}},"18":{"start":{"line":36,"column":4},"end":{"line":36,"column":null}},"19":{"start":{"line":44,"column":2},"end":{"line":79,"column":null}},"20":{"start":{"line":45,"column":19},"end":{"line":45,"column":null}},"21":{"start":{"line":46,"column":17},"end":{"line":46,"column":null}},"22":{"start":{"line":49,"column":23},"end":{"line":49,"column":null}},"23":{"start":{"line":51,"column":21},"end":{"line":51,"column":null}},"24":{"start":{"line":54,"column":49},"end":{"line":54,"column":null}},"25":{"start":{"line":55,"column":4},"end":{"line":57,"column":null}},"26":{"start":{"line":56,"column":6},"end":{"line":56,"column":null}},"27":{"start":{"line":59,"column":41},"end":{"line":65,"column":null}},"28":{"start":{"line":67,"column":4},"end":{"line":70,"column":null}},"29":{"start":{"line":68,"column":6},"end":{"line":68,"column":null}},"30":{"start":{"line":69,"column":6},"end":{"line":69,"column":null}},"31":{"start":{"line":72,"column":4},"end":{"line":72,"column":null}},"32":{"start":{"line":74,"column":4},"end":{"line":74,"column":null}},"33":{"start":{"line":75,"column":4},"end":{"line":77,"column":null}},"34":{"start":{"line":76,"column":6},"end":{"line":76,"column":null}},"35":{"start":{"line":78,"column":4},"end":{"line":78,"column":null}},"36":{"start":{"line":86,"column":2},"end":{"line":112,"column":null}},"37":{"start":{"line":87,"column":19},"end":{"line":87,"column":null}},"38":{"start":{"line":89,"column":21},"end":{"line":89,"column":null}},"39":{"start":{"line":92,"column":49},"end":{"line":92,"column":null}},"40":{"start":{"line":93,"column":4},"end":{"line":95,"column":null}},"41":{"start":{"line":94,"column":6},"end":{"line":94,"column":null}},"42":{"start":{"line":97,"column":22},"end":{"line":101,"column":null}},"43":{"start":{"line":103,"column":4},"end":{"line":106,"column":null}},"44":{"start":{"line":104,"column":6},"end":{"line":104,"column":null}},"45":{"start":{"line":105,"column":6},"end":{"line":105,"column":null}},"46":{"start":{"line":108,"column":4},"end":{"line":108,"column":null}},"47":{"start":{"line":110,"column":4},"end":{"line":110,"column":null}},"48":{"start":{"line":111,"column":4},"end":{"line":111,"column":null}}},"fnMap":{"0":{"name":"GET","decl":{"start":{"line":6,"column":22},"end":{"line":6,"column":25}},"loc":{"start":{"line":8,"column":40},"end":{"line":38,"column":null}}},"1":{"name":"PUT","decl":{"start":{"line":40,"column":22},"end":{"line":40,"column":25}},"loc":{"start":{"line":42,"column":40},"end":{"line":80,"column":null}}},"2":{"name":"DELETE","decl":{"start":{"line":82,"column":22},"end":{"line":82,"column":28}},"loc":{"start":{"line":84,"column":40},"end":{"line":113,"column":null}}}},"branchMap":{"0":{"loc":{"start":{"line":17,"column":4},"end":{"line":19,"column":null}},"type":"if","locations":[{"start":{"line":17,"column":4},"end":{"line":19,"column":null}}]},"1":{"loc":{"start":{"line":17,"column":8},"end":{"line":17,"column":28}},"type":"binary-expr","locations":[{"start":{"line":17,"column":8},"end":{"line":17,"column":21}},{"start":{"line":17,"column":21},"end":{"line":17,"column":28}}]},"2":{"loc":{"start":{"line":28,"column":4},"end":{"line":31,"column":null}},"type":"if","locations":[{"start":{"line":28,"column":4},"end":{"line":31,"column":null}}]},"3":{"loc":{"start":{"line":55,"column":4},"end":{"line":57,"column":null}},"type":"if","locations":[{"start":{"line":55,"column":4},"end":{"line":57,"column":null}}]},"4":{"loc":{"start":{"line":55,"column":8},"end":{"line":55,"column":28}},"type":"binary-expr","locations":[{"start":{"line":55,"column":8},"end":{"line":55,"column":21}},{"start":{"line":55,"column":21},"end":{"line":55,"column":28}}]},"5":{"loc":{"start":{"line":67,"column":4},"end":{"line":70,"column":null}},"type":"if","locations":[{"start":{"line":67,"column":4},"end":{"line":70,"column":null}}]},"6":{"loc":{"start":{"line":75,"column":4},"end":{"line":77,"column":null}},"type":"if","locations":[{"start":{"line":75,"column":4},"end":{"line":77,"column":null}}]},"7":{"loc":{"start":{"line":75,"column":8},"end":{"line":75,"column":61}},"type":"binary-expr","locations":[{"start":{"line":75,"column":8},"end":{"line":75,"column":34}},{"start":{"line":75,"column":34},"end":{"line":75,"column":61}}]},"8":{"loc":{"start":{"line":93,"column":4},"end":{"line":95,"column":null}},"type":"if","locations":[{"start":{"line":93,"column":4},"end":{"line":95,"column":null}}]},"9":{"loc":{"start":{"line":93,"column":8},"end":{"line":93,"column":28}},"type":"binary-expr","locations":[{"start":{"line":93,"column":8},"end":{"line":93,"column":21}},{"start":{"line":93,"column":21},"end":{"line":93,"column":28}}]},"10":{"loc":{"start":{"line":103,"column":4},"end":{"line":106,"column":null}},"type":"if","locations":[{"start":{"line":103,"column":4},"end":{"line":106,"column":null}}]}},"s":{"0":0,"1":0,"2":0,"3":0,"4":0,"5":0,"6":0,"7":0,"8":0,"9":0,"10":0,"11":0,"12":0,"13":0,"14":0,"15":0,"16":0,"17":0,"18":0,"19":0,"20":0,"21":0,"22":0,"23":0,"24":0,"25":0,"26":0,"27":0,"28":0,"29":0,"30":0,"31":0,"32":0,"33":0,"34":0,"35":0,"36":0,"37":0,"38":0,"39":0,"40":0,"41":0,"42":0,"43":0,"44":0,"45":0,"46":0,"47":0,"48":0},"f":{"0":0,"1":0,"2":0},"b":{"0":[0],"1":[0,0],"2":[0],"3":[0],"4":[0,0],"5":[0],"6":[0],"7":[0,0],"8":[0],"9":[0,0],"10":[0]}}
,"/home/yaqubjae/Documents/DEV/Sha-Intelligence/core-comm/app/api/user/profile/route.ts": {"path":"/home/yaqubjae/Documents/DEV/Sha-Intelligence/core-comm/app/api/user/profile/route.ts","statementMap":{"0":{"start":{"line":5,"column":22},"end":{"line":5,"column":25}},"1":{"start":{"line":48,"column":22},"end":{"line":48,"column":25}},"2":{"start":{"line":1,"column":42},"end":{"line":1,"column":null}},"3":{"start":{"line":2,"column":29},"end":{"line":2,"column":null}},"4":{"start":{"line":3,"column":80},"end":{"line":3,"column":null}},"5":{"start":{"line":6,"column":2},"end":{"line":45,"column":null}},"6":{"start":{"line":7,"column":21},"end":{"line":7,"column":null}},"7":{"start":{"line":10,"column":49},"end":{"line":10,"column":null}},"8":{"start":{"line":12,"column":4},"end":{"line":14,"column":null}},"9":{"start":{"line":13,"column":6},"end":{"line":13,"column":null}},"10":{"start":{"line":17,"column":51},"end":{"line":21,"column":null}},"11":{"start":{"line":23,"column":4},"end":{"line":29,"column":null}},"12":{"start":{"line":24,"column":6},"end":{"line":24,"column":null}},"13":{"start":{"line":25,"column":6},"end":{"line":27,"column":null}},"14":{"start":{"line":31,"column":4},"end":{"line":39,"column":null}},"15":{"start":{"line":43,"column":4},"end":{"line":43,"column":null}},"16":{"start":{"line":44,"column":4},"end":{"line":44,"column":null}},"17":{"start":{"line":49,"column":2},"end":{"line":94,"column":null}},"18":{"start":{"line":50,"column":21},"end":{"line":50,"column":null}},"19":{"start":{"line":53,"column":49},"end":{"line":53,"column":null}},"20":{"start":{"line":55,"column":4},"end":{"line":57,"column":null}},"21":{"start":{"line":56,"column":6},"end":{"line":56,"column":null}},"22":{"start":{"line":59,"column":17},"end":{"line":59,"column":null}},"23":{"start":{"line":60,"column":45},"end":{"line":60,"column":null}},"24":{"start":{"line":63,"column":57},"end":{"line":73,"column":null}},"25":{"start":{"line":75,"column":4},"end":{"line":78,"column":null}},"26":{"start":{"line":76,"column":6},"end":{"line":76,"column":null}},"27":{"start":{"line":77,"column":6},"end":{"line":77,"column":null}},"28":{"start":{"line":80,"column":4},"end":{"line":88,"column":null}},"29":{"start":{"line":92,"column":4},"end":{"line":92,"column":null}},"30":{"start":{"line":93,"column":4},"end":{"line":93,"column":null}}},"fnMap":{"0":{"name":"GET","decl":{"start":{"line":5,"column":22},"end":{"line":5,"column":25}},"loc":{"start":{"line":5,"column":42},"end":{"line":46,"column":null}}},"1":{"name":"PUT","decl":{"start":{"line":48,"column":22},"end":{"line":48,"column":25}},"loc":{"start":{"line":48,"column":42},"end":{"line":95,"column":null}}}},"branchMap":{"0":{"loc":{"start":{"line":12,"column":4},"end":{"line":14,"column":null}},"type":"if","locations":[{"start":{"line":12,"column":4},"end":{"line":14,"column":null}}]},"1":{"loc":{"start":{"line":12,"column":8},"end":{"line":12,"column":28}},"type":"binary-expr","locations":[{"start":{"line":12,"column":8},"end":{"line":12,"column":21}},{"start":{"line":12,"column":21},"end":{"line":12,"column":28}}]},"2":{"loc":{"start":{"line":23,"column":4},"end":{"line":29,"column":null}},"type":"if","locations":[{"start":{"line":23,"column":4},"end":{"line":29,"column":null}}]},"3":{"loc":{"start":{"line":55,"column":4},"end":{"line":57,"column":null}},"type":"if","locations":[{"start":{"line":55,"column":4},"end":{"line":57,"column":null}}]},"4":{"loc":{"start":{"line":55,"column":8},"end":{"line":55,"column":28}},"type":"binary-expr","locations":[{"start":{"line":55,"column":8},"end":{"line":55,"column":21}},{"start":{"line":55,"column":21},"end":{"line":55,"column":28}}]},"5":{"loc":{"start":{"line":67,"column":15},"end":{"line":67,"column":null}},"type":"binary-expr","locations":[{"start":{"line":67,"column":15},"end":{"line":67,"column":32}},{"start":{"line":67,"column":32},"end":{"line":67,"column":null}}]},"6":{"loc":{"start":{"line":68,"column":20},"end":{"line":68,"column":null}},"type":"binary-expr","locations":[{"start":{"line":68,"column":20},"end":{"line":68,"column":42}},{"start":{"line":68,"column":42},"end":{"line":68,"column":null}}]},"7":{"loc":{"start":{"line":75,"column":4},"end":{"line":78,"column":null}},"type":"if","locations":[{"start":{"line":75,"column":4},"end":{"line":78,"column":null}}]}},"s":{"0":0,"1":0,"2":0,"3":0,"4":0,"5":0,"6":0,"7":0,"8":0,"9":0,"10":0,"11":0,"12":0,"13":0,"14":0,"15":0,"16":0,"17":0,"18":0,"19":0,"20":0,"21":0,"22":0,"23":0,"24":0,"25":0,"26":0,"27":0,"28":0,"29":0,"30":0},"f":{"0":0,"1":0},"b":{"0":[0],"1":[0,0],"2":[0],"3":[0],"4":[0,0],"5":[0,0],"6":[0,0],"7":[0]}}
,"/home/yaqubjae/Documents/DEV/Sha-Intelligence/core-comm/app/auth/auth-code-error/page.tsx": {"path":"/home/yaqubjae/Documents/DEV/Sha-Intelligence/core-comm/app/auth/auth-code-error/page.tsx","statementMap":{"0":{"start":{"line":8,"column":24},"end":{"line":8,"column":null}},"1":{"start":{"line":1,"column":17},"end":{"line":1,"column":null}},"2":{"start":{"line":2,"column":74},"end":{"line":2,"column":null}},"3":{"start":{"line":3,"column":23},"end":{"line":3,"column":null}},"4":{"start":{"line":4,"column":40},"end":{"line":4,"column":null}},"5":{"start":{"line":5,"column":44},"end":{"line":5,"column":null}},"6":{"start":{"line":6,"column":28},"end":{"line":6,"column":null}}},"fnMap":{"0":{"name":"AuthCodeErrorPage","decl":{"start":{"line":8,"column":24},"end":{"line":8,"column":null}},"loc":{"start":{"line":8,"column":24},"end":{"line":52,"column":null}}}},"branchMap":{},"s":{"0":0,"1":0,"2":0,"3":0,"4":0,"5":0,"6":0},"f":{"0":0},"b":{}}
,"/home/yaqubjae/Documents/DEV/Sha-Intelligence/core-comm/app/auth/callback/route.ts": {"path":"/home/yaqubjae/Documents/DEV/Sha-Intelligence/core-comm/app/auth/callback/route.ts","statementMap":{"0":{"start":{"line":4,"column":22},"end":{"line":4,"column":26}},"1":{"start":{"line":1,"column":29},"end":{"line":1,"column":null}},"2":{"start":{"line":2,"column":29},"end":{"line":2,"column":null}},"3":{"start":{"line":5,"column":35},"end":{"line":5,"column":null}},"4":{"start":{"line":6,"column":15},"end":{"line":6,"column":null}},"5":{"start":{"line":8,"column":15},"end":{"line":8,"column":null}},"6":{"start":{"line":10,"column":2},"end":{"line":25,"column":null}},"7":{"start":{"line":11,"column":21},"end":{"line":11,"column":null}},"8":{"start":{"line":12,"column":22},"end":{"line":12,"column":null}},"9":{"start":{"line":13,"column":4},"end":{"line":24,"column":null}},"10":{"start":{"line":14,"column":28},"end":{"line":14,"column":68}},"11":{"start":{"line":15,"column":25},"end":{"line":15,"column":null}},"12":{"start":{"line":16,"column":6},"end":{"line":23,"column":null}},"13":{"start":{"line":18,"column":8},"end":{"line":18,"column":null}},"14":{"start":{"line":19,"column":13},"end":{"line":23,"column":null}},"15":{"start":{"line":20,"column":8},"end":{"line":20,"column":null}},"16":{"start":{"line":22,"column":8},"end":{"line":22,"column":null}},"17":{"start":{"line":28,"column":2},"end":{"line":28,"column":null}}},"fnMap":{"0":{"name":"GET","decl":{"start":{"line":4,"column":22},"end":{"line":4,"column":26}},"loc":{"start":{"line":4,"column":42},"end":{"line":29,"column":null}}}},"branchMap":{"0":{"loc":{"start":{"line":8,"column":15},"end":{"line":8,"column":null}},"type":"binary-expr","locations":[{"start":{"line":8,"column":15},"end":{"line":8,"column":43}},{"start":{"line":8,"column":43},"end":{"line":8,"column":null}}]},"1":{"loc":{"start":{"line":10,"column":2},"end":{"line":25,"column":null}},"type":"if","locations":[{"start":{"line":10,"column":2},"end":{"line":25,"column":null}}]},"2":{"loc":{"start":{"line":13,"column":4},"end":{"line":24,"column":null}},"type":"if","locations":[{"start":{"line":13,"column":4},"end":{"line":24,"column":null}}]},"3":{"loc":{"start":{"line":16,"column":6},"end":{"line":23,"column":null}},"type":"if","locations":[{"start":{"line":16,"column":6},"end":{"line":23,"column":null}},{"start":{"line":19,"column":13},"end":{"line":23,"column":null}}]},"4":{"loc":{"start":{"line":19,"column":13},"end":{"line":23,"column":null}},"type":"if","locations":[{"start":{"line":19,"column":13},"end":{"line":23,"column":null}},{"start":{"line":21,"column":13},"end":{"line":23,"column":null}}]}},"s":{"0":0,"1":0,"2":0,"3":0,"4":0,"5":0,"6":0,"7":0,"8":0,"9":0,"10":0,"11":0,"12":0,"13":0,"14":0,"15":0,"16":0,"17":0},"f":{"0":0},"b":{"0":[0,0],"1":[0],"2":[0],"3":[0,0],"4":[0,0]}}
,"/home/yaqubjae/Documents/DEV/Sha-Intelligence/core-comm/app/auth/forgot-password/page.tsx": {"path":"/home/yaqubjae/Documents/DEV/Sha-Intelligence/core-comm/app/auth/forgot-password/page.tsx","statementMap":{"0":{"start":{"line":16,"column":24},"end":{"line":16,"column":null}},"1":{"start":{"line":4,"column":28},"end":{"line":4,"column":null}},"2":{"start":{"line":5,"column":25},"end":{"line":5,"column":null}},"3":{"start":{"line":6,"column":17},"end":{"line":6,"column":null}},"4":{"start":{"line":7,"column":29},"end":{"line":7,"column":null}},"5":{"start":{"line":8,"column":74},"end":{"line":8,"column":null}},"6":{"start":{"line":9,"column":23},"end":{"line":9,"column":null}},"7":{"start":{"line":10,"column":22},"end":{"line":10,"column":null}},"8":{"start":{"line":11,"column":22},"end":{"line":11,"column":null}},"9":{"start":{"line":12,"column":40},"end":{"line":12,"column":null}},"10":{"start":{"line":13,"column":31},"end":{"line":13,"column":null}},"11":{"start":{"line":14,"column":55},"end":{"line":14,"column":null}},"12":{"start":{"line":17,"column":28},"end":{"line":17,"column":null}},"13":{"start":{"line":18,"column":32},"end":{"line":18,"column":null}},"14":{"start":{"line":19,"column":28},"end":{"line":19,"column":null}},"15":{"start":{"line":20,"column":32},"end":{"line":20,"column":null}},"16":{"start":{"line":21,"column":19},"end":{"line":21,"column":null}},"17":{"start":{"line":23,"column":30},"end":{"line":44,"column":null}},"18":{"start":{"line":24,"column":4},"end":{"line":24,"column":null}},"19":{"start":{"line":25,"column":4},"end":{"line":25,"column":null}},"20":{"start":{"line":26,"column":4},"end":{"line":26,"column":null}},"21":{"start":{"line":28,"column":4},"end":{"line":43,"column":null}},"22":{"start":{"line":29,"column":24},"end":{"line":31,"column":null}},"23":{"start":{"line":33,"column":6},"end":{"line":36,"column":null}},"24":{"start":{"line":34,"column":8},"end":{"line":34,"column":null}},"25":{"start":{"line":35,"column":8},"end":{"line":35,"column":null}},"26":{"start":{"line":38,"column":6},"end":{"line":38,"column":null}},"27":{"start":{"line":40,"column":6},"end":{"line":40,"column":null}},"28":{"start":{"line":42,"column":6},"end":{"line":42,"column":null}},"29":{"start":{"line":46,"column":2},"end":{"line":75,"column":null}},"30":{"start":{"line":113,"column":35},"end":{"line":113,"column":null}}},"fnMap":{"0":{"name":"ForgotPasswordPage","decl":{"start":{"line":16,"column":24},"end":{"line":16,"column":null}},"loc":{"start":{"line":16,"column":24},"end":{"line":139,"column":null}}},"1":{"name":"(anonymous_3)","decl":{"start":{"line":23,"column":30},"end":{"line":23,"column":37}},"loc":{"start":{"line":23,"column":37},"end":{"line":44,"column":null}}},"2":{"name":"(anonymous_4)","decl":{"start":{"line":113,"column":28},"end":{"line":113,"column":29}},"loc":{"start":{"line":113,"column":35},"end":{"line":113,"column":null}}}},"branchMap":{"0":{"loc":{"start":{"line":33,"column":6},"end":{"line":36,"column":null}},"type":"if","locations":[{"start":{"line":33,"column":6},"end":{"line":36,"column":null}}]},"1":{"loc":{"start":{"line":46,"column":2},"end":{"line":75,"column":null}},"type":"if","locations":[{"start":{"line":46,"column":2},"end":{"line":75,"column":null}}]},"2":{"loc":{"start":{"line":99,"column":13},"end":{"line":99,"column":null}},"type":"binary-expr","locations":[{"start":{"line":99,"column":13},"end":{"line":99,"column":null}}]},"3":{"loc":{"start":{"line":120,"column":17},"end":{"line":120,"column":28}},"type":"binary-expr","locations":[{"start":{"line":120,"column":17},"end":{"line":120,"column":28}}]}},"s":{"0":0,"1":0,"2":0,"3":0,"4":0,"5":0,"6":0,"7":0,"8":0,"9":0,"10":0,"11":0,"12":0,"13":0,"14":0,"15":0,"16":0,"17":0,"18":0,"19":0,"20":0,"21":0,"22":0,"23":0,"24":0,"25":0,"26":0,"27":0,"28":0,"29":0,"30":0},"f":{"0":0,"1":0,"2":0},"b":{"0":[0],"1":[0],"2":[0],"3":[0]}}
,"/home/yaqubjae/Documents/DEV/Sha-Intelligence/core-comm/app/auth/login/page.tsx": {"path":"/home/yaqubjae/Documents/DEV/Sha-Intelligence/core-comm/app/auth/login/page.tsx","statementMap":{"0":{"start":{"line":17,"column":24},"end":{"line":17,"column":null}},"1":{"start":{"line":4,"column":28},"end":{"line":4,"column":null}},"2":{"start":{"line":5,"column":25},"end":{"line":5,"column":null}},"3":{"start":{"line":6,"column":26},"end":{"line":6,"column":null}},"4":{"start":{"line":7,"column":17},"end":{"line":7,"column":null}},"5":{"start":{"line":8,"column":29},"end":{"line":8,"column":null}},"6":{"start":{"line":9,"column":74},"end":{"line":9,"column":null}},"7":{"start":{"line":10,"column":23},"end":{"line":10,"column":null}},"8":{"start":{"line":11,"column":22},"end":{"line":11,"column":null}},"9":{"start":{"line":12,"column":22},"end":{"line":12,"column":null}},"10":{"start":{"line":13,"column":40},"end":{"line":13,"column":null}},"11":{"start":{"line":14,"column":31},"end":{"line":14,"column":null}},"12":{"start":{"line":15,"column":44},"end":{"line":15,"column":null}},"13":{"start":{"line":18,"column":28},"end":{"line":18,"column":null}},"14":{"start":{"line":19,"column":34},"end":{"line":19,"column":null}},"15":{"start":{"line":20,"column":42},"end":{"line":20,"column":null}},"16":{"start":{"line":21,"column":32},"end":{"line":21,"column":null}},"17":{"start":{"line":22,"column":28},"end":{"line":22,"column":null}},"18":{"start":{"line":23,"column":17},"end":{"line":23,"column":null}},"19":{"start":{"line":24,"column":19},"end":{"line":24,"column":null}},"20":{"start":{"line":26,"column":22},"end":{"line":51,"column":null}},"21":{"start":{"line":27,"column":4},"end":{"line":27,"column":null}},"22":{"start":{"line":28,"column":4},"end":{"line":28,"column":null}},"23":{"start":{"line":29,"column":4},"end":{"line":29,"column":null}},"24":{"start":{"line":31,"column":4},"end":{"line":50,"column":null}},"25":{"start":{"line":32,"column":30},"end":{"line":35,"column":null}},"26":{"start":{"line":37,"column":6},"end":{"line":40,"column":null}},"27":{"start":{"line":38,"column":8},"end":{"line":38,"column":null}},"28":{"start":{"line":39,"column":8},"end":{"line":39,"column":null}},"29":{"start":{"line":42,"column":6},"end":{"line":45,"column":null}},"30":{"start":{"line":43,"column":8},"end":{"line":43,"column":null}},"31":{"start":{"line":44,"column":8},"end":{"line":44,"column":null}},"32":{"start":{"line":47,"column":6},"end":{"line":47,"column":null}},"33":{"start":{"line":49,"column":6},"end":{"line":49,"column":null}},"34":{"start":{"line":53,"column":28},"end":{"line":73,"column":null}},"35":{"start":{"line":54,"column":4},"end":{"line":54,"column":null}},"36":{"start":{"line":55,"column":4},"end":{"line":55,"column":null}},"37":{"start":{"line":57,"column":4},"end":{"line":72,"column":null}},"38":{"start":{"line":58,"column":24},"end":{"line":63,"column":null}},"39":{"start":{"line":65,"column":6},"end":{"line":67,"column":null}},"40":{"start":{"line":66,"column":8},"end":{"line":66,"column":null}},"41":{"start":{"line":69,"column":6},"end":{"line":69,"column":null}},"42":{"start":{"line":71,"column":6},"end":{"line":71,"column":null}},"43":{"start":{"line":113,"column":35},"end":{"line":113,"column":null}},"44":{"start":{"line":130,"column":37},"end":{"line":130,"column":null}},"45":{"start":{"line":140,"column":35},"end":{"line":140,"column":null}}},"fnMap":{"0":{"name":"LoginPage","decl":{"start":{"line":17,"column":24},"end":{"line":17,"column":null}},"loc":{"start":{"line":17,"column":24},"end":{"line":210,"column":null}}},"1":{"name":"(anonymous_3)","decl":{"start":{"line":26,"column":22},"end":{"line":26,"column":29}},"loc":{"start":{"line":26,"column":29},"end":{"line":51,"column":null}}},"2":{"name":"(anonymous_4)","decl":{"start":{"line":53,"column":28},"end":{"line":53,"column":null}},"loc":{"start":{"line":53,"column":28},"end":{"line":73,"column":null}}},"3":{"name":"(anonymous_5)","decl":{"start":{"line":113,"column":28},"end":{"line":113,"column":29}},"loc":{"start":{"line":113,"column":35},"end":{"line":113,"column":null}}},"4":{"name":"(anonymous_6)","decl":{"start":{"line":130,"column":30},"end":{"line":130,"column":31}},"loc":{"start":{"line":130,"column":37},"end":{"line":130,"column":null}}},"5":{"name":"(anonymous_7)","decl":{"start":{"line":140,"column":29},"end":{"line":140,"column":35}},"loc":{"start":{"line":140,"column":35},"end":{"line":140,"column":null}}}},"branchMap":{"0":{"loc":{"start":{"line":37,"column":6},"end":{"line":40,"column":null}},"type":"if","locations":[{"start":{"line":37,"column":6},"end":{"line":40,"column":null}}]},"1":{"loc":{"start":{"line":42,"column":6},"end":{"line":45,"column":null}},"type":"if","locations":[{"start":{"line":42,"column":6},"end":{"line":45,"column":null}}]},"2":{"loc":{"start":{"line":65,"column":6},"end":{"line":67,"column":null}},"type":"if","locations":[{"start":{"line":65,"column":6},"end":{"line":67,"column":null}}]},"3":{"loc":{"start":{"line":97,"column":13},"end":{"line":97,"column":null}},"type":"binary-expr","locations":[{"start":{"line":97,"column":13},"end":{"line":97,"column":null}}]},"4":{"loc":{"start":{"line":127,"column":26},"end":{"line":127,"column":null}},"type":"cond-expr","locations":[{"start":{"line":127,"column":41},"end":{"line":127,"column":50}},{"start":{"line":127,"column":50},"end":{"line":127,"column":null}}]},"5":{"loc":{"start":{"line":143,"column":36},"end":{"line":143,"column":70}},"type":"cond-expr","locations":[{"start":{"line":143,"column":36},"end":{"line":143,"column":70}}]},"6":{"loc":{"start":{"line":149,"column":17},"end":{"line":149,"column":28}},"type":"binary-expr","locations":[{"start":{"line":149,"column":17},"end":{"line":149,"column":28}}]},"7":{"loc":{"start":{"line":171,"column":15},"end":{"line":171,"column":26}},"type":"binary-expr","locations":[{"start":{"line":171,"column":15},"end":{"line":171,"column":26}}]}},"s":{"0":0,"1":0,"2":0,"3":0,"4":0,"5":0,"6":0,"7":0,"8":0,"9":0,"10":0,"11":0,"12":0,"13":0,"14":0,"15":0,"16":0,"17":0,"18":0,"19":0,"20":0,"21":0,"22":0,"23":0,"24":0,"25":0,"26":0,"27":0,"28":0,"29":0,"30":0,"31":0,"32":0,"33":0,"34":0,"35":0,"36":0,"37":0,"38":0,"39":0,"40":0,"41":0,"42":0,"43":0,"44":0,"45":0},"f":{"0":0,"1":0,"2":0,"3":0,"4":0,"5":0},"b":{"0":[0],"1":[0],"2":[0],"3":[0],"4":[0,0],"5":[0],"6":[0],"7":[0]}}
,"/home/yaqubjae/Documents/DEV/Sha-Intelligence/core-comm/app/auth/reset-password/loading.tsx": {"path":"/home/yaqubjae/Documents/DEV/Sha-Intelligence/core-comm/app/auth/reset-password/loading.tsx","statementMap":{"0":{"start":{"line":1,"column":24},"end":{"line":1,"column":null}},"1":{"start":{"line":2,"column":2},"end":{"line":2,"column":null}}},"fnMap":{"0":{"name":"Loading","decl":{"start":{"line":1,"column":24},"end":{"line":1,"column":null}},"loc":{"start":{"line":1,"column":24},"end":{"line":3,"column":null}}}},"branchMap":{},"s":{"0":0,"1":0},"f":{"0":0},"b":{}}
,"/home/yaqubjae/Documents/DEV/Sha-Intelligence/core-comm/app/auth/reset-password/page.tsx": {"path":"/home/yaqubjae/Documents/DEV/Sha-Intelligence/core-comm/app/auth/reset-password/page.tsx","statementMap":{"0":{"start":{"line":16,"column":24},"end":{"line":16,"column":null}},"1":{"start":{"line":4,"column":28},"end":{"line":4,"column":null}},"2":{"start":{"line":5,"column":36},"end":{"line":5,"column":null}},"3":{"start":{"line":6,"column":43},"end":{"line":6,"column":null}},"4":{"start":{"line":7,"column":29},"end":{"line":7,"column":null}},"5":{"start":{"line":8,"column":74},"end":{"line":8,"column":null}},"6":{"start":{"line":9,"column":23},"end":{"line":9,"column":null}},"7":{"start":{"line":10,"column":22},"end":{"line":10,"column":null}},"8":{"start":{"line":11,"column":22},"end":{"line":11,"column":null}},"9":{"start":{"line":12,"column":40},"end":{"line":12,"column":null}},"10":{"start":{"line":13,"column":31},"end":{"line":13,"column":null}},"11":{"start":{"line":14,"column":57},"end":{"line":14,"column":null}},"12":{"start":{"line":17,"column":34},"end":{"line":17,"column":null}},"13":{"start":{"line":18,"column":48},"end":{"line":18,"column":null}},"14":{"start":{"line":19,"column":42},"end":{"line":19,"column":null}},"15":{"start":{"line":20,"column":56},"end":{"line":20,"column":null}},"16":{"start":{"line":21,"column":32},"end":{"line":21,"column":null}},"17":{"start":{"line":22,"column":28},"end":{"line":22,"column":null}},"18":{"start":{"line":23,"column":32},"end":{"line":23,"column":null}},"19":{"start":{"line":24,"column":17},"end":{"line":24,"column":null}},"20":{"start":{"line":25,"column":23},"end":{"line":25,"column":null}},"21":{"start":{"line":26,"column":19},"end":{"line":26,"column":null}},"22":{"start":{"line":28,"column":2},"end":{"line":38,"column":null}},"23":{"start":{"line":30,"column":31},"end":{"line":35,"column":null}},"24":{"start":{"line":31,"column":30},"end":{"line":31,"column":null}},"25":{"start":{"line":32,"column":6},"end":{"line":34,"column":null}},"26":{"start":{"line":33,"column":8},"end":{"line":33,"column":null}},"27":{"start":{"line":37,"column":4},"end":{"line":37,"column":null}},"28":{"start":{"line":40,"column":23},"end":{"line":50,"column":null}},"29":{"start":{"line":41,"column":4},"end":{"line":44,"column":null}},"30":{"start":{"line":42,"column":6},"end":{"line":42,"column":null}},"31":{"start":{"line":43,"column":6},"end":{"line":43,"column":null}},"32":{"start":{"line":45,"column":4},"end":{"line":48,"column":null}},"33":{"start":{"line":46,"column":6},"end":{"line":46,"column":null}},"34":{"start":{"line":47,"column":6},"end":{"line":47,"column":null}},"35":{"start":{"line":49,"column":4},"end":{"line":49,"column":null}},"36":{"start":{"line":52,"column":30},"end":{"line":81,"column":null}},"37":{"start":{"line":53,"column":4},"end":{"line":53,"column":null}},"38":{"start":{"line":54,"column":4},"end":{"line":54,"column":null}},"39":{"start":{"line":55,"column":4},"end":{"line":55,"column":null}},"40":{"start":{"line":57,"column":4},"end":{"line":60,"column":null}},"41":{"start":{"line":58,"column":6},"end":{"line":58,"column":null}},"42":{"start":{"line":59,"column":6},"end":{"line":59,"column":null}},"43":{"start":{"line":62,"column":4},"end":{"line":80,"column":null}},"44":{"start":{"line":63,"column":24},"end":{"line":65,"column":null}},"45":{"start":{"line":67,"column":6},"end":{"line":70,"column":null}},"46":{"start":{"line":68,"column":8},"end":{"line":68,"column":null}},"47":{"start":{"line":69,"column":8},"end":{"line":69,"column":null}},"48":{"start":{"line":72,"column":6},"end":{"line":72,"column":null}},"49":{"start":{"line":73,"column":6},"end":{"line":75,"column":null}},"50":{"start":{"line":74,"column":8},"end":{"line":74,"column":null}},"51":{"start":{"line":77,"column":6},"end":{"line":77,"column":null}},"52":{"start":{"line":79,"column":6},"end":{"line":79,"column":null}},"53":{"start":{"line":83,"column":2},"end":{"line":105,"column":null}},"54":{"start":{"line":144,"column":37},"end":{"line":144,"column":null}},"55":{"start":{"line":153,"column":35},"end":{"line":153,"column":null}},"56":{"start":{"line":169,"column":37},"end":{"line":169,"column":null}},"57":{"start":{"line":178,"column":35},"end":{"line":178,"column":null}}},"fnMap":{"0":{"name":"ResetPasswordPage","decl":{"start":{"line":16,"column":24},"end":{"line":16,"column":null}},"loc":{"start":{"line":16,"column":24},"end":{"line":196,"column":null}}},"1":{"name":"(anonymous_2)","decl":{"start":{"line":28,"column":12},"end":{"line":28,"column":null}},"loc":{"start":{"line":28,"column":12},"end":{"line":38,"column":5}}},"2":{"name":"(anonymous_3)","decl":{"start":{"line":30,"column":31},"end":{"line":30,"column":null}},"loc":{"start":{"line":30,"column":31},"end":{"line":35,"column":null}}},"3":{"name":"(anonymous_4)","decl":{"start":{"line":40,"column":23},"end":{"line":40,"column":null}},"loc":{"start":{"line":40,"column":23},"end":{"line":50,"column":null}}},"4":{"name":"(anonymous_5)","decl":{"start":{"line":52,"column":30},"end":{"line":52,"column":37}},"loc":{"start":{"line":52,"column":37},"end":{"line":81,"column":null}}},"5":{"name":"(anonymous_6)","decl":{"start":{"line":73,"column":17},"end":{"line":73,"column":null}},"loc":{"start":{"line":73,"column":17},"end":{"line":75,"column":9}}},"6":{"name":"(anonymous_7)","decl":{"start":{"line":144,"column":30},"end":{"line":144,"column":31}},"loc":{"start":{"line":144,"column":37},"end":{"line":144,"column":null}}},"7":{"name":"(anonymous_8)","decl":{"start":{"line":153,"column":29},"end":{"line":153,"column":35}},"loc":{"start":{"line":153,"column":35},"end":{"line":153,"column":null}}},"8":{"name":"(anonymous_9)","decl":{"start":{"line":169,"column":30},"end":{"line":169,"column":31}},"loc":{"start":{"line":169,"column":37},"end":{"line":169,"column":null}}},"9":{"name":"(anonymous_10)","decl":{"start":{"line":178,"column":29},"end":{"line":178,"column":35}},"loc":{"start":{"line":178,"column":35},"end":{"line":178,"column":null}}}},"branchMap":{"0":{"loc":{"start":{"line":32,"column":6},"end":{"line":34,"column":null}},"type":"if","locations":[{"start":{"line":32,"column":6},"end":{"line":34,"column":null}}]},"1":{"loc":{"start":{"line":41,"column":4},"end":{"line":44,"column":null}},"type":"if","locations":[{"start":{"line":41,"column":4},"end":{"line":44,"column":null}}]},"2":{"loc":{"start":{"line":45,"column":4},"end":{"line":48,"column":null}},"type":"if","locations":[{"start":{"line":45,"column":4},"end":{"line":48,"column":null}}]},"3":{"loc":{"start":{"line":57,"column":4},"end":{"line":60,"column":null}},"type":"if","locations":[{"start":{"line":57,"column":4},"end":{"line":60,"column":null}}]},"4":{"loc":{"start":{"line":67,"column":6},"end":{"line":70,"column":null}},"type":"if","locations":[{"start":{"line":67,"column":6},"end":{"line":70,"column":null}}]},"5":{"loc":{"start":{"line":83,"column":2},"end":{"line":105,"column":null}},"type":"if","locations":[{"start":{"line":83,"column":2},"end":{"line":105,"column":null}}]},"6":{"loc":{"start":{"line":129,"column":13},"end":{"line":129,"column":null}},"type":"binary-expr","locations":[{"start":{"line":129,"column":13},"end":{"line":129,"column":null}}]},"7":{"loc":{"start":{"line":141,"column":26},"end":{"line":141,"column":null}},"type":"cond-expr","locations":[{"start":{"line":141,"column":41},"end":{"line":141,"column":50}},{"start":{"line":141,"column":50},"end":{"line":141,"column":null}}]},"8":{"loc":{"start":{"line":156,"column":36},"end":{"line":156,"column":70}},"type":"cond-expr","locations":[{"start":{"line":156,"column":36},"end":{"line":156,"column":70}}]},"9":{"loc":{"start":{"line":166,"column":26},"end":{"line":166,"column":null}},"type":"cond-expr","locations":[{"start":{"line":166,"column":48},"end":{"line":166,"column":57}},{"start":{"line":166,"column":57},"end":{"line":166,"column":null}}]},"10":{"loc":{"start":{"line":181,"column":43},"end":{"line":181,"column":77}},"type":"cond-expr","locations":[{"start":{"line":181,"column":43},"end":{"line":181,"column":77}}]},"11":{"loc":{"start":{"line":187,"column":17},"end":{"line":187,"column":28}},"type":"binary-expr","locations":[{"start":{"line":187,"column":17},"end":{"line":187,"column":28}}]}},"s":{"0":0,"1":0,"2":0,"3":0,"4":0,"5":0,"6":0,"7":0,"8":0,"9":0,"10":0,"11":0,"12":0,"13":0,"14":0,"15":0,"16":0,"17":0,"18":0,"19":0,"20":0,"21":0,"22":0,"23":0,"24":0,"25":0,"26":0,"27":0,"28":0,"29":0,"30":0,"31":0,"32":0,"33":0,"34":0,"35":0,"36":0,"37":0,"38":0,"39":0,"40":0,"41":0,"42":0,"43":0,"44":0,"45":0,"46":0,"47":0,"48":0,"49":0,"50":0,"51":0,"52":0,"53":0,"54":0,"55":0,"56":0,"57":0},"f":{"0":0,"1":0,"2":0,"3":0,"4":0,"5":0,"6":0,"7":0,"8":0,"9":0},"b":{"0":[0],"1":[0],"2":[0],"3":[0],"4":[0],"5":[0],"6":[0],"7":[0,0],"8":[0],"9":[0,0],"10":[0],"11":[0]}}
,"/home/yaqubjae/Documents/DEV/Sha-Intelligence/core-comm/app/auth/signup/page.tsx": {"path":"/home/yaqubjae/Documents/DEV/Sha-Intelligence/core-comm/app/auth/signup/page.tsx","statementMap":{"0":{"start":{"line":19,"column":24},"end":{"line":19,"column":null}},"1":{"start":{"line":4,"column":28},"end":{"line":4,"column":null}},"2":{"start":{"line":5,"column":25},"end":{"line":5,"column":null}},"3":{"start":{"line":6,"column":26},"end":{"line":6,"column":null}},"4":{"start":{"line":7,"column":17},"end":{"line":7,"column":null}},"5":{"start":{"line":8,"column":29},"end":{"line":8,"column":null}},"6":{"start":{"line":9,"column":74},"end":{"line":9,"column":null}},"7":{"start":{"line":10,"column":23},"end":{"line":10,"column":null}},"8":{"start":{"line":11,"column":22},"end":{"line":11,"column":null}},"9":{"start":{"line":12,"column":22},"end":{"line":12,"column":null}},"10":{"start":{"line":13,"column":40},"end":{"line":13,"column":null}},"11":{"start":{"line":14,"column":31},"end":{"line":14,"column":null}},"12":{"start":{"line":15,"column":57},"end":{"line":15,"column":null}},"13":{"start":{"line":16,"column":29},"end":{"line":16,"column":null}},"14":{"start":{"line":17,"column":18},"end":{"line":17,"column":null}},"15":{"start":{"line":20,"column":34},"end":{"line":26,"column":null}},"16":{"start":{"line":28,"column":42},"end":{"line":28,"column":null}},"17":{"start":{"line":29,"column":56},"end":{"line":29,"column":null}},"18":{"start":{"line":30,"column":32},"end":{"line":30,"column":null}},"19":{"start":{"line":31,"column":28},"end":{"line":31,"column":null}},"20":{"start":{"line":32,"column":32},"end":{"line":32,"column":null}},"21":{"start":{"line":33,"column":17},"end":{"line":33,"column":null}},"22":{"start":{"line":34,"column":19},"end":{"line":34,"column":null}},"23":{"start":{"line":36,"column":28},"end":{"line":41,"column":null}},"24":{"start":{"line":37,"column":4},"end":{"line":40,"column":null}},"25":{"start":{"line":43,"column":23},"end":{"line":63,"column":null}},"26":{"start":{"line":44,"column":4},"end":{"line":47,"column":null}},"27":{"start":{"line":45,"column":6},"end":{"line":45,"column":null}},"28":{"start":{"line":46,"column":6},"end":{"line":46,"column":null}},"29":{"start":{"line":50,"column":19},"end":{"line":55,"column":null}},"30":{"start":{"line":57,"column":4},"end":{"line":60,"column":null}},"31":{"start":{"line":58,"column":6},"end":{"line":58,"column":null}},"32":{"start":{"line":59,"column":6},"end":{"line":59,"column":null}},"33":{"start":{"line":62,"column":4},"end":{"line":62,"column":null}},"34":{"start":{"line":65,"column":23},"end":{"line":123,"column":null}},"35":{"start":{"line":66,"column":4},"end":{"line":66,"column":null}},"36":{"start":{"line":67,"column":4},"end":{"line":67,"column":null}},"37":{"start":{"line":68,"column":4},"end":{"line":68,"column":null}},"38":{"start":{"line":70,"column":4},"end":{"line":73,"column":null}},"39":{"start":{"line":71,"column":6},"end":{"line":71,"column":null}},"40":{"start":{"line":72,"column":6},"end":{"line":72,"column":null}},"41":{"start":{"line":75,"column":4},"end":{"line":122,"column":null}},"42":{"start":{"line":76,"column":24},"end":{"line":80,"column":null}},"43":{"start":{"line":84,"column":30},"end":{"line":87,"column":null}},"44":{"start":{"line":89,"column":6},"end":{"line":93,"column":null}},"45":{"start":{"line":90,"column":8},"end":{"line":90,"column":null}},"46":{"start":{"line":92,"column":8},"end":{"line":92,"column":null}},"47":{"start":{"line":95,"column":6},"end":{"line":95,"column":null}},"48":{"start":{"line":97,"column":6},"end":{"line":115,"column":null}},"49
[...]
column":26},"end":{"line":60,"column":72}}]},"7":{"loc":{"start":{"line":103,"column":6},"end":{"line":108,"column":null}},"type":"if","locations":[{"start":{"line":103,"column":6},"end":{"line":108,"column":null}}]},"8":{"loc":{"start":{"line":103,"column":10},"end":{"line":103,"column":32}},"type":"binary-expr","locations":[{"start":{"line":103,"column":10},"end":{"line":103,"column":19}},{"start":{"line":103,"column":19},"end":{"line":103,"column":32}}]},"9":{"loc":{"start":{"line":174,"column":6},"end":{"line":176,"column":null}},"type":"if","locations":[{"start":{"line":174,"column":6},"end":{"line":176,"column":null}}]},"10":{"loc":{"start":{"line":174,"column":10},"end":{"line":174,"column":50}},"type":"binary-expr","locations":[{"start":{"line":174,"column":10},"end":{"line":174,"column":22}},{"start":{"line":174,"column":22},"end":{"line":174,"column":50}}]},"11":{"loc":{"start":{"line":179,"column":24},"end":{"line":179,"column":null}},"type":"binary-expr","locations":[{"start":{"line":179,"column":24},"end":{"line":179,"column":42}},{"start":{"line":179,"column":46},"end":{"line":179,"column":null}}]},"12":{"loc":{"start":{"line":185,"column":22},"end":{"line":185,"column":null}},"type":"binary-expr","locations":[{"start":{"line":185,"column":22},"end":{"line":185,"column":38}},{"start":{"line":185,"column":38},"end":{"line":185,"column":null}}]},"13":{"loc":{"start":{"line":205,"column":2},"end":{"line":210,"column":null}},"type":"if","locations":[{"start":{"line":205,"column":2},"end":{"line":210,"column":null}}]},"14":{"loc":{"start":{"line":207,"column":15},"end":{"line":207,"column":53}},"type":"binary-expr","locations":[{"start":{"line":207,"column":15},"end":{"line":207,"column":31}},{"start":{"line":207,"column":35},"end":{"line":207,"column":53}}]},"15":{"loc":{"start":{"line":213,"column":2},"end":{"line":215,"column":null}},"type":"if","locations":[{"start":{"line":213,"column":2},"end":{"line":215,"column":null}}]}},"s":{"0":0,"1":0,"2":0,"3":0,"4":0,"5":0,"6":0,"7":0,"8":0,"9":0,"10":0,"11":0,"12":0,"13":0,"14":0,"15":0,"16":0,"17":0,"18":0,"19":0,"20":0,"21":0,"22":0,"23":0,"24":0,"25":0,"26":0,"27":0,"28":0,"29":0,"30":0,"31":0,"32":0,"33":0,"34":0,"35":0,"36":0,"37":0,"38":0,"39":0,"40":0,"41":0,"42":0,"43":0,"44":0,"45":0,"46":0,"47":0,"48":0,"49":0,"50":0,"51":0,"52":0,"53":0,"54":0,"55":0,"56":0,"57":0,"58":0,"59":0,"60":0,"61":0,"62":0,"63":0,"64":0,"65":0,"66":0,"67":0,"68":0},"f":{"0":0,"1":0,"2":0,"3":0,"4":0,"5":0,"6":0,"7":0,"8":0},"b":{"0":[0],"1":[0],"2":[0,0],"3":[0,0],"4":[0],"5":[0],"6":[0,0],"7":[0],"8":[0,0],"9":[0],"10":[0,0],"11":[0,0],"12":[0,0],"13":[0],"14":[0,0],"15":[0]}}
,"/home/yaqubjae/Documents/DEV/Sha-Intelligence/core-comm/lib/utils.ts": {"path":"/home/yaqubjae/Documents/DEV/Sha-Intelligence/core-comm/lib/utils.ts","statementMap":{"0":{"start":{"line":4,"column":16},"end":{"line":4,"column":19}},"1":{"start":{"line":1,"column":38},"end":{"line":1,"column":null}},"2":{"start":{"line":2,"column":24},"end":{"line":2,"column":null}},"3":{"start":{"line":5,"column":2},"end":{"line":5,"column":null}}},"fnMap":{"0":{"name":"cn","decl":{"start":{"line":4,"column":16},"end":{"line":4,"column":19}},"loc":{"start":{"line":4,"column":42},"end":{"line":6,"column":null}}}},"branchMap":{},"s":{"0":0,"1":0,"2":0,"3":0},"f":{"0":0},"b":{}}
,"/home/yaqubjae/Documents/DEV/Sha-Intelligence/core-comm/lib/validations.ts": {"path":"/home/yaqubjae/Documents/DEV/Sha-Intelligence/core-comm/lib/validations.ts","statementMap":{"0":{"start":{"line":127,"column":13},"end":{"line":127,"column":29}},"1":{"start":{"line":93,"column":13},"end":{"line":93,"column":29}},"2":{"start":{"line":8,"column":13},"end":{"line":8,"column":32}},"3":{"start":{"line":109,"column":13},"end":{"line":109,"column":36}},"4":{"start":{"line":72,"column":13},"end":{"line":72,"column":36}},"5":{"start":{"line":134,"column":13},"end":{"line":134,"column":36}},"6":{"start":{"line":63,"column":13},"end":{"line":63,"column":24}},"7":{"start":{"line":122,"column":13},"end":{"line":122,"column":29}},"8":{"start":{"line":33,"column":13},"end":{"line":33,"column":25}},"9":{"start":{"line":106,"column":13},"end":{"line":106,"column":29}},"10":{"start":{"line":27,"column":13},"end":{"line":27,"column":32}},"11":{"start":{"line":119,"column":13},"end":{"line":119,"column":36}},"12":{"start":{"line":84,"column":13},"end":{"line":84,"column":29}},"13":{"start":{"line":1,"column":18},"end":{"line":1,"column":null}},"14":{"start":{"line":8,"column":35},"end":{"line":21,"column":null}},"15":{"start":{"line":27,"column":35},"end":{"line":27,"column":null}},"16":{"start":{"line":33,"column":28},"end":{"line":58,"column":null}},"17":{"start":{"line":44,"column":27},"end":{"line":50,"column":null}},"18":{"start":{"line":51,"column":6},"end":{"line":51,"column":null}},"19":{"start":{"line":51,"column":43},"end":{"line":51,"column":null}},"20":{"start":{"line":55,"column":26},"end":{"line":55,"column":62}},"21":{"start":{"line":56,"column":6},"end":{"line":56,"column":null}},"22":{"start":{"line":63,"column":27},"end":{"line":66,"column":null}},"23":{"start":{"line":72,"column":39},"end":{"line":76,"column":null}},"24":{"start":{"line":84,"column":32},"end":{"line":90,"column":null}},"25":{"start":{"line":93,"column":32},"end":{"line":104,"column":null}},"26":{"start":{"line":106,"column":32},"end":{"line":106,"column":null}},"27":{"start":{"line":109,"column":39},"end":{"line":117,"column":null}},"28":{"start":{"line":119,"column":39},"end":{"line":119,"column":null}},"29":{"start":{"line":122,"column":32},"end":{"line":125,"column":null}},"30":{"start":{"line":127,"column":32},"end":{"line":132,"column":null}},"31":{"start":{"line":134,"column":39},"end":{"line":138,"column":null}}},"fnMap":{"0":{"name":"(anonymous_14)","decl":{"start":{"line":42,"column":12},"end":{"line":42,"column":13}},"loc":{"start":{"line":42,"column":13},"end":{"line":52,"column":7}}},"1":{"name":"(anonymous_15)","decl":{"start":{"line":51,"column":32},"end":{"line":51,"column":43}},"loc":{"start":{"line":51,"column":43},"end":{"line":51,"column":null}}},"2":{"name":"(anonymous_16)","decl":{"start":{"line":53,"column":12},"end":{"line":53,"column":13}},"loc":{"start":{"line":53,"column":13},"end":{"line":57,"column":7}}}},"branchMap":{},"s":{"0":2,"1":3,"2":0,"3":2,"4":0,"5":0,"6":0,"7":0,"8":4,"9":0,"10":0,"11":0,"12":0,"13":1,"14":1,"15":1,"16":1,"17":4,"18":4,"19":17,"20":4,"21":4,"22":1,"23":1,"24":1,"25":1,"26":1,"27":1,"28":1,"29":1,"30":1,"31":1},"f":{"0":4,"1":17,"2":4},"b":{}}
,"/home/yaqubjae/Documents/DEV/Sha-Intelligence/core-comm/lib/supabase/api.ts": {"path":"/home/yaqubjae/Documents/DEV/Sha-Intelligence/core-comm/lib/supabase/api.ts","statementMap":{"0":{"start":{"line":45,"column":16},"end":{"line":45,"column":35}},"1":{"start":{"line":5,"column":16},"end":{"line":5,"column":39}},"2":{"start":{"line":56,"column":16},"end":{"line":56,"column":37}},"3":{"start":{"line":1,"column":29},"end":{"line":1,"column":null}},"4":{"start":{"line":6,"column":22},"end":{"line":6,"column":58}},"5":{"start":{"line":7,"column":29},"end":{"line":7,"column":66}},"6":{"start":{"line":9,"column":2},"end":{"line":13,"column":null}},"7":{"start":{"line":10,"column":4},"end":{"line":11,"column":null}},"8":{"start":{"line":15,"column":2},"end":{"line":20,"column":null}},"9":{"start":{"line":46,"column":2},"end":{"line":51,"column":null}},"10":{"start":{"line":57,"column":2},"end":{"line":62,"column":null}}},"fnMap":{"0":{"name":"createServiceRoleClient","decl":{"start":{"line":5,"column":16},"end":{"line":5,"column":39}},"loc":{"start":{"line":5,"column":16},"end":{"line":21,"column":null}}},"1":{"name":"createErrorResponse","decl":{"start":{"line":45,"column":16},"end":{"line":45,"column":35}},"loc":{"start":{"line":45,"column":65},"end":{"line":53,"column":null}}},"2":{"name":"createSuccessResponse","decl":{"start":{"line":56,"column":16},"end":{"line":56,"column":37}},"loc":{"start":{"line":56,"column":66},"end":{"line":64,"column":null}}}},"branchMap":{"0":{"loc":{"start":{"line":9,"column":2},"end":{"line":13,"column":null}},"type":"if","locations":[{"start":{"line":9,"column":2},"end":{"line":13,"column":null}}]},"1":{"loc":{"start":{"line":9,"column":6},"end":{"line":9,"column":43}},"type":"binary-expr","locations":[{"start":{"line":9,"column":6},"end":{"line":9,"column":22}},{"start":{"line":9,"column":22},"end":{"line":9,"column":43}}]},"2":{"loc":{"start":{"line":45,"column":53},"end":{"line":45,"column":65}},"type":"default-arg","locations":[{"start":{"line":45,"column":62},"end":{"line":45,"column":65}}]}},"s":{"0":0,"1":0,"2":0,"3":0,"4":0,"5":0,"6":0,"7":0,"8":0,"9":0,"10":0},"f":{"0":0,"1":0,"2":0},"b":{"0":[0],"1":[0,0],"2":[0]}}
,"/home/yaqubjae/Documents/DEV/Sha-Intelligence/core-comm/lib/supabase/client.ts": {"path":"/home/yaqubjae/Documents/DEV/Sha-Intelligence/core-comm/lib/supabase/client.ts","statementMap":{"0":{"start":{"line":3,"column":16},"end":{"line":3,"column":null}},"1":{"start":{"line":1,"column":36},"end":{"line":1,"column":null}},"2":{"start":{"line":4,"column":22},"end":{"line":4,"column":58}},"3":{"start":{"line":5,"column":26},"end":{"line":5,"column":67}},"4":{"start":{"line":7,"column":2},"end":{"line":11,"column":null}},"5":{"start":{"line":8,"column":4},"end":{"line":9,"column":null}},"6":{"start":{"line":13,"column":2},"end":{"line":18,"column":null}}},"fnMap":{"0":{"name":"createClient","decl":{"start":{"line":3,"column":16},"end":{"line":3,"column":null}},"loc":{"start":{"line":3,"column":16},"end":{"line":19,"column":null}}}},"branchMap":{"0":{"loc":{"start":{"line":7,"column":2},"end":{"line":11,"column":null}},"type":"if","locations":[{"start":{"line":7,"column":2},"end":{"line":11,"column":null}}]},"1":{"loc":{"start":{"line":7,"column":6},"end":{"line":7,"column":40}},"type":"binary-expr","locations":[{"start":{"line":7,"column":6},"end":{"line":7,"column":22}},{"start":{"line":7,"column":22},"end":{"line":7,"column":40}}]}},"s":{"0":0,"1":0,"2":0,"3":0,"4":0,"5":0,"6":0},"f":{"0":0},"b":{"0":[0],"1":[0,0]}}
,"/home/yaqubjae/Documents/DEV/Sha-Intelligence/core-comm/lib/supabase/middleware.ts": {"path":"/home/yaqubjae/Documents/DEV/Sha-Intelligence/core-comm/lib/supabase/middleware.ts","statementMap":{"0":{"start":{"line":7,"column":22},"end":{"line":7,"column":36}},"1":{"start":{"line":1,"column":35},"end":{"line":1,"column":null}},"2":{"start":{"line":2,"column":47},"end":{"line":2,"column":null}},"3":{"start":{"line":3,"column":35},"end":{"line":3,"column":null}},"4":{"start":{"line":4,"column":29},"end":{"line":4,"column":null}},"5":{"start":{"line":5,"column":26},"end":{"line":5,"column":null}},"6":{"start":{"line":8,"column":22},"end":{"line":8,"column":58}},"7":{"start":{"line":9,"column":26},"end":{"line":9,"column":67}},"8":{"start":{"line":12,"column":2},"end":{"line":21,"column":null}},"9":{"start":{"line":13,"column":4},"end":{"line":13,"column":null}},"10":{"start":{"line":15,"column":4},"end":{"line":20,"column":null}},"11":{"start":{"line":16,"column":6},"end":{"line":18,"column":null}},"12":{"start":{"line":24,"column":2},"end":{"line":28,"column":null}},"13":{"start":{"line":25,"column":4},"end":{"line":25,"column":null}},"14":{"start":{"line":26,"column":21},"end":{"line":26,"column":null}},"15":{"start":{"line":27,"column":4},"end":{"line":27,"column":null}},"16":{"start":{"line":30,"column":25},"end":{"line":32,"column":null}},"17":{"start":{"line":34,"column":19},"end":{"line":47,"column":null}},"18":{"start":{"line":37,"column":8},"end":{"line":37,"column":null}},"19":{"start":{"line":40,"column":8},"end":{"line":40,"column":null}},"20":{"start":{"line":40,"column":50},"end":{"line":40,"column":null}},"21":{"start":{"line":41,"column":8},"end":{"line":43,"column":null}},"22":{"start":{"line":44,"column":8},"end":{"line":44,"column":null}},"23":{"start":{"line":44,"column":59},"end":{"line":44,"column":null}},"24":{"start":{"line":55,"column":6},"end":{"line":55,"column":null}},"25":{"start":{"line":58,"column":23},"end":{"line":68,"column":null}},"26":{"start":{"line":70,"column":24},"end":{"line":72,"column":null}},"27":{"start":{"line":75,"column":2},"end":{"line":81,"column":null}},"28":{"start":{"line":76,"column":16},"end":{"line":76,"column":null}},"29":{"start":{"line":77,"column":4},"end":{"line":77,"column":null}},"30":{"start":{"line":78,"column":4},"end":{"line":78,"column":null}},"31":{"start":{"line":79,"column":29},"end":{"line":79,"column":null}},"32":{"start":{"line":80,"column":4},"end":{"line":80,"column":null}},"33":{"start":{"line":84,"column":2},"end":{"line":90,"column":null}},"34":{"start":{"line":86,"column":16},"end":{"line":86,"column":null}},"35":{"start":{"line":87,"column":4},"end":{"line":87,"column":null}},"36":{"start":{"line":88,"column":29},"end":{"line":88,"column":null}},"37":{"start":{"line":89,"column":4},"end":{"line":89,"column":null}},"38":{"start":{"line":100,"column":2},"end":{"line":100,"column":null}}},"fnMap":{"0":{"name":"updateSession","decl":{"start":{"line":7,"column":22},"end":{"line":7,"column":36}},"loc":{"start":{"line":7,"column":56},"end":{"line":101,"column":null}}},"1":{"name":"(anonymous_2)","decl":{"start":{"line":36,"column":6},"end":{"line":36,"column":null}},"loc":{"start":{"line":36,"column":6},"end":{"line":38,"column":null}}},"2":{"name":"(anonymous_3)","decl":{"start":{"line":39,"column":6},"end":{"line":39,"column":13}},"loc":{"start":{"line":39,"column":25},"end":{"line":45,"column":null}}},"3":{"name":"(anonymous_4)","decl":{"start":{"line":40,"column":29},"end":{"line":40,"column":30}},"loc":{"start":{"line":40,"column":50},"end":{"line":40,"column":null}}},"4":{"name":"(anonymous_5)","decl":{"start":{"line":44,"column":29},"end":{"line":44,"column":30}},"loc":{"start":{"line":44,"column":59},"end":{"line":44,"column":null}}}},"branchMap":{"0":{"loc":{"start":{"line":15,"column":4},"end":{"line":20,"column":null}},"type":"if","locations":[{"start":{"line":15,"column":4},"end":{"line":20,"column":null}}]},"1":{"loc":{"start":{"line":24,"column":2},"end":{"line":28,"column":null}},"type":"if","locations":[{"start":{"line":24,"column":2},"end":{"line":28,"column":null}}]},"2":{"loc":{"start":{"line":24,"column":6},"end":{"line":24,"column":40}},"type":"binary-expr","locations":[{"start":{"line":24,"column":6},"end":{"line":24,"column":22}},{"start":{"line":24,"column":22},"end":{"line":24,"column":40}}]},"3":{"loc":{"start":{"line":70,"column":24},"end":{"line":72,"column":null}},"type":"binary-expr","locations":[{"start":{"line":70,"column":24},"end":{"line":70,"column":null}},{"start":{"line":71,"column":23},"end":{"line":71,"column":null}},{"start":{"line":72,"column":23},"end":{"line":72,"column":null}}]},"4":{"loc":{"start":{"line":75,"column":2},"end":{"line":81,"column":null}},"type":"if","locations":[{"start":{"line":75,"column":2},"end":{"line":81,"column":null}}]},"5":{"loc":{"start":{"line":75,"column":6},"end":{"line":75,"column":31}},"type":"binary-expr","locations":[{"start":{"line":75,"column":6},"end":{"line":75,"column":15}},{"start":{"line":75,"column":15},"end":{"line":75,"column":31}}]},"6":{"loc":{"start":{"line":84,"column":2},"end":{"line":90,"column":null}},"type":"if","locations":[{"start":{"line":84,"column":2},"end":{"line":90,"column":null}}]},"7":{"loc":{"start":{"line":84,"column":6},"end":{"line":85,"column":53}},"type":"binary-expr","locations":[{"start":{"line":84,"column":6},"end":{"line":84,"column":14}},{"start":{"line":84,"column":14},"end":{"line":84,"column":null}},{"start":{"line":85,"column":6},"end":{"line":85,"column":53}}]}},"s":{"0":0,"1":0,"2":0,"3":0,"4":0,"5":0,"6":0,"7":0,"8":0,"9":0,"10":0,"11":0,"12":0,"13":0,"14":0,"15":0,"16":0,"17":0,"18":0,"19":0,"20":0,"21":0,"22":0,"23":0,"24":0,"25":0,"26":0,"27":0,"28":0,"29":0,"30":0,"31":0,"32":0,"33":0,"34":0,"35":0,"36":0,"37":0,"38":0},"f":{"0":0,"1":0,"2":0,"3":0,"4":0},"b":{"0":[0],"1":[0],"2":[0,0],"3":[0,0,0],"4":[0],"5":[0,0],"6":[0],"7":[0,0,0]}}
,"/home/yaqubjae/Documents/DEV/Sha-Intelligence/core-comm/lib/supabase/server.ts": {"path":"/home/yaqubjae/Documents/DEV/Sha-Intelligence/core-comm/lib/supabase/server.ts","statementMap":{"0":{"start":{"line":4,"column":22},"end":{"line":4,"column":null}},"1":{"start":{"line":1,"column":35},"end":{"line":1,"column":null}},"2":{"start":{"line":2,"column":24},"end":{"line":2,"column":null}},"3":{"start":{"line":5,"column":22},"end":{"line":5,"column":58}},"4":{"start":{"line":6,"column":26},"end":{"line":6,"column":67}},"5":{"start":{"line":8,"column":2},"end":{"line":12,"column":null}},"6":{"start":{"line":9,"column":4},"end":{"line":10,"column":null}},"7":{"start":{"line":14,"column":22},"end":{"line":14,"column":null}},"8":{"start":{"line":16,"column":2},"end":{"line":31,"column":null}},"9":{"start":{"line":19,"column":8},"end":{"line":19,"column":null}},"10":{"start":{"line":22,"column":8},"end":{"line":28,"column":null}},"11":{"start":{"line":23,"column":10},"end":{"line":23,"column":null}},"12":{"start":{"line":23,"column":61},"end":{"line":23,"column":null}}},"fnMap":{"0":{"name":"createClient","decl":{"start":{"line":4,"column":22},"end":{"line":4,"column":null}},"loc":{"start":{"line":4,"column":22},"end":{"line":32,"column":null}}},"1":{"name":"(anonymous_2)","decl":{"start":{"line":18,"column":6},"end":{"line":18,"column":null}},"loc":{"start":{"line":18,"column":6},"end":{"line":20,"column":null}}},"2":{"name":"(anonymous_3)","decl":{"start":{"line":21,"column":6},"end":{"line":21,"column":13}},"loc":{"start":{"line":21,"column":25},"end":{"line":29,"column":null}}},"3":{"name":"(anonymous_4)","decl":{"start":{"line":23,"column":31},"end":{"line":23,"column":32}},"loc":{"start":{"line":23,"column":61},"end":{"line":23,"column":null}}}},"branchMap":{"0":{"loc":{"start":{"line":8,"column":2},"end":{"line":12,"column":null}},"type":"if","locations":[{"start":{"line":8,"column":2},"end":{"line":12,"column":null}}]},"1":{"loc":{"start":{"line":8,"column":6},"end":{"line":8,"column":40}},"type":"binary-expr","locations":[{"start":{"line":8,"column":6},"end":{"line":8,"column":22}},{"start":{"line":8,"column":22},"end":{"line":8,"column":40}}]}},"s":{"0":0,"1":0,"2":0,"3":0,"4":0,"5":0,"6":0,"7":0,"8":0,"9":0,"10":0,"11":0,"12":0},"f":{"0":0,"1":0,"2":0,"3":0},"b":{"0":[0],"1":[0,0]}}
,"/home/yaqubjae/Documents/DEV/Sha-Intelligence/core-comm/lib/supabase/superbaseClient.ts": {"path":"/home/yaqubjae/Documents/DEV/Sha-Intelligence/core-comm/lib/supabase/superbaseClient.ts","statementMap":{"0":{"start":{"line":6,"column":13},"end":{"line":6,"column":36}},"1":{"start":{"line":1,"column":55},"end":{"line":1,"column":null}},"2":{"start":{"line":2,"column":24},"end":{"line":2,"column":null}},"3":{"start":{"line":6,"column":36},"end":{"line":26,"column":null}},"4":{"start":{"line":7,"column":22},"end":{"line":7,"column":null}},"5":{"start":{"line":9,"column":2},"end":{"line":24,"column":null}},"6":{"start":{"line":15,"column":10},"end":{"line":15,"column":null}},"7":{"start":{"line":18,"column":10},"end":{"line":18,"column":null}},"8":{"start":{"line":21,"column":10},"end":{"line":21,"column":null}}},"fnMap":{"0":{"name":"(anonymous_1)","decl":{"start":{"line":6,"column":36},"end":{"line":6,"column":null}},"loc":{"start":{"line":6,"column":36},"end":{"line":26,"column":null}}},"1":{"name":"(anonymous_2)","decl":{"start":{"line":14,"column":8},"end":{"line":14,"column":12}},"loc":{"start":{"line":14,"column":24},"end":{"line":16,"column":null}}},"2":{"name":"(anonymous_3)","decl":{"start":{"line":17,"column":8},"end":{"line":17,"column":12}},"loc":{"start":{"line":17,"column":63},"end":{"line":19,"column":null}}},"3":{"name":"(anonymous_4)","decl":{"start":{"line":20,"column":8},"end":{"line":20,"column":15}},"loc":{"start":{"line":20,"column":51},"end":{"line":22,"column":null}}}},"branchMap":{},"s":{"0":0,"1":0,"2":0,"3":0,"4":0,"5":0,"6":0,"7":0,"8":0},"f":{"0":0,"1":0,"2":0,"3":0},"b":{}}
}
