TN:
SF:app/layout.tsx
FN:14,RootLayout
FNF:1
FNH:0
FNDA:0,RootLayout
DA:3,0
DA:4,0
DA:5,0
DA:7,0
DA:9,0
DA:14,0
LF:6
LH:0
BRF:0
BRH:0
end_of_record
TN:
SF:app/page.tsx
FN:3,HomePage
FNF:1
FNH:0
FNDA:0,HomePage
DA:1,0
DA:3,0
DA:4,0
LF:3
LH:0
BRF:0
BRH:0
end_of_record
TN:
SF:app/(dashboard)/layout.tsx
FN:7,DashboardLayout
FNF:1
FNH:0
FNDA:0,DashboardLayout
DA:2,0
DA:3,0
DA:4,0
DA:5,0
DA:7,0
DA:13,0
LF:6
LH:0
BRF:0
BRH:0
end_of_record
TN:
SF:app/(dashboard)/call-logs/loading.tsx
FN:4,CallLogsLoading
FN:37,(anonymous_2)
FNF:2
FNH:0
FNDA:0,CallLogsLoading
FNDA:0,(anonymous_2)
DA:1,0
DA:2,0
DA:4,0
DA:38,0
LF:4
LH:0
BRF:0
BRH:0
end_of_record
TN:
SF:app/(dashboard)/call-logs/page.tsx
FN:8,CallLogsPage
FNF:1
FNH:0
FNDA:0,CallLogsPage
DA:1,0
DA:2,0
DA:3,0
DA:4,0
DA:5,0
DA:6,0
DA:8,0
LF:7
LH:0
BRF:0
BRH:0
end_of_record
TN:
SF:app/(dashboard)/dashboard/page.tsx
FN:6,DashboardPage
FNF:1
FNH:0
FNDA:0,DashboardPage
DA:1,0
DA:2,0
DA:3,0
DA:4,0
DA:6,0
LF:5
LH:0
BRF:0
BRH:0
end_of_record
TN:
SF:app/(dashboard)/integrations/page.tsx
FN:37,IntegrationsPage
FN:54,(anonymous_2)
FNF:2
FNH:0
FNDA:0,IntegrationsPage
FNDA:0,(anonymous_2)
DA:1,0
DA:2,0
DA:3,0
DA:4,0
DA:5,0
DA:7,0
DA:37,0
DA:55,0
LF:8
LH:0
BRF:0
BRH:0
end_of_record
TN:
SF:app/(dashboard)/settings/page.tsx
FN:18,SettingsPage
FN:29,(anonymous_2)
FN:39,(anonymous_3)
FN:40,(anonymous_4)
FN:46,(anonymous_5)
FN:57,(anonymous_6)
FN:156,(anonymous_7)
FN:183,(anonymous_8)
FNF:8
FNH:0
FNDA:0,SettingsPage
FNDA:0,(anonymous_2)
FNDA:0,(anonymous_3)
FNDA:0,(anonymous_4)
FNDA:0,(anonymous_5)
FNDA:0,(anonymous_6)
FNDA:0,(anonymous_7)
FNDA:0,(anonymous_8)
DA:3,0
DA:4,0
DA:5,0
DA:6,0
DA:7,0
DA:8,0
DA:9,0
DA:10,0
DA:11,0
DA:12,0
DA:13,0
DA:14,0
DA:15,0
DA:16,0
DA:18,0
DA:19,0
DA:20,0
DA:25,0
DA:26,0
DA:29,0
DA:30,0
DA:31,0
DA:39,0
DA:40,0
DA:46,0
DA:47,0
DA:48,0
DA:50,0
DA:51,0
DA:53,0
DA:54,0
DA:56,0
DA:57,0
DA:60,0
DA:62,0
DA:66,0
DA:156,0
DA:183,0
LF:38
LH:0
BRDA:30,0,0,0
BRDA:32,1,0,0
BRDA:32,1,1,0
BRDA:33,2,0,0
BRDA:33,2,1,0
BRDA:34,3,0,0
BRDA:34,3,1,0
BRDA:53,4,0,0
BRDA:53,4,1,0
BRDA:66,5,0,0
BRDA:81,6,0,0
BRDA:82,7,0,0
BRDA:82,7,1,0
BRDA:84,8,0,0
BRDA:84,8,1,0
BRDA:129,9,0,0
BRDA:129,9,1,0
BRDA:169,10,0,0
BRDA:169,10,1,0
BRDA:195,11,0,0
BRDA:195,11,1,0
BRDA:207,12,0,0
BRDA:208,13,0,0
BRDA:208,13,1,0
BRF:24
BRH:0
end_of_record
TN:
SF:app/api/auth/signup/route.ts
FN:7,POST
FNF:1
FNH:0
FNDA:0,POST
DA:2,0
DA:3,0
DA:4,0
DA:5,0
DA:7,0
DA:8,0
DA:10,0
DA:11,0
DA:12,0
DA:16,0
DA:18,0
DA:19,0
DA:22,0
DA:29,0
DA:36,0
DA:38,0
DA:44,0
DA:45,0
DA:48,0
DA:49,0
DA:52,0
DA:55,0
DA:61,0
LF:23
LH:0
BRDA:11,0,0,0
BRDA:18,1,0,0
BRDA:25,2,0,0
BRDA:25,2,1,0
BRDA:33,3,0,0
BRDA:33,3,1,0
BRDA:44,4,0,0
BRDA:48,5,0,0
BRF:8
BRH:0
end_of_record
TN:
SF:app/api/calls/route.ts
FN:6,GET
FN:71,POST
FNF:2
FNH:0
FNDA:0,GET
FNDA:0,POST
DA:2,0
DA:3,0
DA:4,0
DA:6,0
DA:7,0
DA:8,0
DA:9,0
DA:12,0
DA:14,0
DA:17,0
DA:18,0
DA:19,0
DA:23,0
DA:30,0
DA:31,0
DA:33,0
DA:34,0
DA:36,0
DA:37,0
DA:39,0
DA:40,0
DA:44,0
DA:45,0
DA:47,0
DA:49,0
DA:50,0
DA:51,0
DA:54,0
DA:56,0
DA:66,0
DA:67,0
DA:71,0
DA:72,0
DA:73,0
DA:76,0
DA:78,0
DA:81,0
DA:82,0
DA:83,0
DA:87,0
DA:92,0
DA:98,0
DA:99,0
DA:100,0
DA:103,0
DA:105,0
DA:106,0
DA:107,0
DA:109,0
LF:49
LH:0
BRDA:18,0,0,0
BRDA:18,1,0,0
BRDA:18,1,1,0
BRDA:30,2,0,0
BRDA:33,3,0,0
BRDA:36,4,0,0
BRDA:39,5,0,0
BRDA:49,6,0,0
BRDA:54,7,0,0
BRDA:54,7,1,0
BRDA:61,8,0,0
BRDA:61,8,1,0
BRDA:82,9,0,0
BRDA:82,10,0,0
BRDA:82,10,1,0
BRDA:98,11,0,0
BRDA:106,12,0,0
BRDA:106,13,0,0
BRDA:106,13,1,0
BRF:19
BRH:0
end_of_record
TN:
SF:app/api/calls/[id]/route.ts
FN:6,GET
FN:40,PUT
FN:82,DELETE
FNF:3
FNH:0
FNDA:0,GET
FNDA:0,PUT
FNDA:0,DELETE
DA:2,0
DA:3,0
DA:4,0
DA:6,0
DA:10,0
DA:11,0
DA:13,0
DA:16,0
DA:17,0
DA:18,0
DA:21,0
DA:28,0
DA:29,0
DA:30,0
DA:33,0
DA:35,0
DA:36,0
DA:40,0
DA:44,0
DA:45,0
DA:46,0
DA:49,0
DA:51,0
DA:54,0
DA:55,0
DA:56,0
DA:59,0
DA:67,0
DA:68,0
DA:69,0
DA:72,0
DA:74,0
DA:75,0
DA:76,0
DA:78,0
DA:82,0
DA:86,0
DA:87,0
DA:89,0
DA:92,0
DA:93,0
DA:94,0
DA:97,0
DA:103,0
DA:104,0
DA:105,0
DA:108,0
DA:110,0
DA:111,0
LF:49
LH:0
BRDA:17,0,0,0
BRDA:17,1,0,0
BRDA:17,1,1,0
BRDA:28,2,0,0
BRDA:55,3,0,0
BRDA:55,4,0,0
BRDA:55,4,1,0
BRDA:67,5,0,0
BRDA:75,6,0,0
BRDA:75,7,0,0
BRDA:75,7,1,0
BRDA:93,8,0,0
BRDA:93,9,0,0
BRDA:93,9,1,0
BRDA:103,10,0,0
BRF:15
BRH:0
end_of_record
TN:
SF:app/api/csrf/route.ts
FN:4,GET
FNF:1
FNH:1
FNDA:4,GET
DA:1,1
DA:2,1
DA:4,4
DA:5,4
DA:6,4
DA:8,4
DA:14,4
DA:16,4
DA:18,0
DA:20,0
LF:10
LH:8
BRF:0
BRH:0
end_of_record
TN:
SF:app/api/health/route.ts
FN:4,GET
FNF:1
FNH:1
FNDA:3,GET
DA:1,1
DA:2,1
DA:4,3
DA:5,3
DA:6,3
DA:9,2
DA:12,2
DA:14,1
DA:16,1
LF:9
LH:9
BRDA:9,0,0,1
BRDA:9,0,1,1
BRDA:10,1,0,0
BRDA:10,1,1,1
BRDA:25,2,0,1
BRDA:25,2,1,0
BRF:6
BRH:4
end_of_record
TN:
SF:app/api/integrations/route.ts
FN:6,GET
FN:68,POST
FNF:2
FNH:0
FNDA:0,GET
FNDA:0,POST
DA:2,0
DA:3,0
DA:4,0
DA:6,0
DA:7,0
DA:8,0
DA:9,0
DA:12,0
DA:14,0
DA:17,0
DA:18,0
DA:19,0
DA:23,0
DA:30,0
DA:31,0
DA:33,0
DA:34,0
DA:36,0
DA:37,0
DA:41,0
DA:42,0
DA:44,0
DA:46,0
DA:47,0
DA:48,0
DA:51,0
DA:53,0
DA:63,0
DA:64,0
DA:68,0
DA:69,0
DA:70,0
DA:73,0
DA:75,0
DA:78,0
DA:79,0
DA:80,0
DA:84,0
DA:89,0
DA:95,0
DA:96,0
DA:97,0
DA:100,0
DA:102,0
DA:103,0
DA:104,0
DA:106,0
LF:47
LH:0
BRDA:18,0,0,0
BRDA:18,1,0,0
BRDA:18,1,1,0
BRDA:30,2,0,0
BRDA:33,3,0,0
BRDA:36,4,0,0
BRDA:46,5,0,0
BRDA:51,6,0,0
BRDA:51,6,1,0
BRDA:58,7,0,0
BRDA:58,7,1,0
BRDA:79,8,0,0
BRDA:79,9,0,0
BRDA:79,9,1,0
BRDA:95,10,0,0
BRDA:103,11,0,0
BRDA:103,12,0,0
BRDA:103,12,1,0
BRF:18
BRH:0
end_of_record
TN:
SF:app/api/integrations/[id]/route.ts
FN:6,GET
FN:40,PUT
FN:82,DELETE
FNF:3
FNH:0
FNDA:0,GET
FNDA:0,PUT
FNDA:0,DELETE
DA:2,0
DA:3,0
DA:4,0
DA:6,0
DA:10,0
DA:11,0
DA:13,0
DA:16,0
DA:17,0
DA:18,0
DA:21,0
DA:28,0
DA:29,0
DA:30,0
DA:33,0
DA:35,0
DA:36,0
DA:40,0
DA:44,0
DA:45,0
DA:46,0
DA:49,0
DA:51,0
DA:54,0
DA:55,0
DA:56,0
DA:59,0
DA:67,0
DA:68,0
DA:69,0
DA:72,0
DA:74,0
DA:75,0
DA:76,0
DA:78,0
DA:82,0
DA:86,0
DA:87,0
DA:89,0
DA:92,0
DA:93,0
DA:94,0
DA:97,0
DA:103,0
DA:104,0
DA:105,0
DA:108,0
DA:110,0
DA:111,0
LF:49
LH:0
BRDA:17,0,0,0
BRDA:17,1,0,0
BRDA:17,1,1,0
BRDA:28,2,0,0
BRDA:55,3,0,0
BRDA:55,4,0,0
BRDA:55,4,1,0
BRDA:67,5,0,0
BRDA:75,6,0,0
BRDA:75,7,0,0
BRDA:75,7,1,0
BRDA:93,8,0,0
BRDA:93,9,0,0
BRDA:93,9,1,0
BRDA:103,10,0,0
BRF:15
BRH:0
end_of_record
TN:
SF:app/api/user/profile/route.ts
FN:5,GET
FN:48,PUT
FNF:2
FNH:0
FNDA:0,GET
FNDA:0,PUT
DA:1,0
DA:2,0
DA:3,0
DA:5,0
DA:6,0
DA:7,0
DA:10,0
DA:12,0
DA:13,0
DA:17,0
DA:23,0
DA:24,0
DA:25,0
DA:31,0
DA:43,0
DA:44,0
DA:48,0
DA:49,0
DA:50,0
DA:53,0
DA:55,0
DA:56,0
DA:59,0
DA:60,0
DA:63,0
DA:75,0
DA:76,0
DA:77,0
DA:80,0
DA:92,0
DA:93,0
LF:31
LH:0
BRDA:12,0,0,0
BRDA:12,1,0,0
BRDA:12,1,1,0
BRDA:23,2,0,0
BRDA:55,3,0,0
BRDA:55,4,0,0
BRDA:55,4,1,0
BRDA:67,5,0,0
BRDA:67,5,1,0
BRDA:68,6,0,0
BRDA:68,6,1,0
BRDA:75,7,0,0
BRF:12
BRH:0
end_of_record
TN:
SF:app/auth/auth-code-error/page.tsx
FN:8,AuthCodeErrorPage
FNF:1
FNH:0
FNDA:0,AuthCodeErrorPage
DA:1,0
DA:2,0
DA:3,0
DA:4,0
DA:5,0
DA:6,0
DA:8,0
LF:7
LH:0
BRF:0
BRH:0
end_of_record
TN:
SF:app/auth/callback/route.ts
FN:4,GET
FNF:1
FNH:0
FNDA:0,GET
DA:1,0
DA:2,0
DA:4,0
DA:5,0
DA:6,0
DA:8,0
DA:10,0
DA:11,0
DA:12,0
DA:13,0
DA:14,0
DA:15,0
DA:16,0
DA:18,0
DA:19,0
DA:20,0
DA:22,0
DA:28,0
LF:18
LH:0
BRDA:8,0,0,0
BRDA:8,0,1,0
BRDA:10,1,0,0
BRDA:13,2,0,0
BRDA:16,3,0,0
BRDA:16,3,1,0
BRDA:19,4,0,0
BRDA:19,4,1,0
BRF:8
BRH:0
end_of_record
TN:
SF:app/auth/forgot-password/page.tsx
FN:16,ForgotPasswordPage
FN:23,(anonymous_3)
FN:113,(anonymous_4)
FNF:3
FNH:0
FNDA:0,ForgotPasswordPage
FNDA:0,(anonymous_3)
FNDA:0,(anonymous_4)
DA:4,0
DA:5,0
DA:6,0
DA:7,0
DA:8,0
DA:9,0
DA:10,0
DA:11,0
DA:12,0
DA:13,0
DA:14,0
DA:16,0
DA:17,0
DA:18,0
DA:19,0
DA:20,0
DA:21,0
DA:23,0
DA:24,0
DA:25,0
DA:26,0
DA:28,0
DA:29,0
DA:33,0
DA:34,0
DA:35,0
DA:38,0
DA:40,0
DA:42,0
DA:46,0
DA:113,0
LF:31
LH:0
BRDA:33,0,0,0
BRDA:46,1,0,0
BRDA:99,2,0,0
BRDA:120,3,0,0
BRF:4
BRH:0
end_of_record
TN:
SF:app/auth/login/page.tsx
FN:17,LoginPage
FN:26,(anonymous_3)
FN:53,(anonymous_4)
FN:113,(anonymous_5)
FN:130,(anonymous_6)
FN:140,(anonymous_7)
FNF:6
FNH:0
FNDA:0,LoginPage
FNDA:0,(anonymous_3)
FNDA:0,(anonymous_4)
FNDA:0,(anonymous_5)
FNDA:0,(anonymous_6)
FNDA:0,(anonymous_7)
DA:4,0
DA:5,0
DA:6,0
DA:7,0
DA:8,0
DA:9,0
DA:10,0
DA:11,0
DA:12,0
DA:13,0
DA:14,0
DA:15,0
DA:17,0
DA:18,0
DA:19,0
DA:20,0
DA:21,0
DA:22,0
DA:23,0
DA:24,0
DA:26,0
DA:27,0
DA:28,0
DA:29,0
DA:31,0
DA:32,0
DA:37,0
DA:38,0
DA:39,0
DA:42,0
DA:43,0
DA:44,0
DA:47,0
DA:49,0
DA:53,0
DA:54,0
DA:55,0
DA:57,0
DA:58,0
DA:65,0
DA:66,0
DA:69,0
DA:71,0
DA:113,0
DA:130,0
DA:140,0
LF:46
LH:0
BRDA:37,0,0,0
BRDA:42,1,0,0
BRDA:65,2,0,0
BRDA:97,3,0,0
BRDA:127,4,0,0
BRDA:127,4,1,0
BRDA:143,5,0,0
BRDA:149,6,0,0
BRDA:171,7,0,0
BRF:9
BRH:0
end_of_record
TN:
SF:app/auth/reset-password/loading.tsx
FN:1,Loading
FNF:1
FNH:0
FNDA:0,Loading
DA:1,0
DA:2,0
LF:2
LH:0
BRF:0
BRH:0
end_of_record
TN:
SF:app/auth/reset-password/page.tsx
FN:16,ResetPasswordPage
FN:28,(anonymous_2)
FN:30,(anonymous_3)
FN:40,(anonymous_4)
FN:52,(anonymous_5)
FN:73,(anonymous_6)
FN:144,(anonymous_7)
FN:153,(anonymous_8)
FN:169,(anonymous_9)
FN:178,(anonymous_10)
FNF:10
FNH:0
FNDA:0,ResetPasswordPage
FNDA:0,(anonymous_2)
FNDA:0,(anonymous_3)
FNDA:0,(anonymous_4)
FNDA:0,(anonymous_5)
FNDA:0,(anonymous_6)
FNDA:0,(anonymous_7)
FNDA:0,(anonymous_8)
FNDA:0,(anonymous_9)
FNDA:0,(anonymous_10)
DA:4,0
DA:5,0
DA:6,0
DA:7,0
DA:8,0
DA:9,0
DA:10,0
DA:11,0
DA:12,0
DA:13,0
DA:14,0
DA:16,0
DA:17,0
DA:18,0
DA:19,0
DA:20,0
DA:21,0
DA:22,0
DA:23,0
DA:24,0
DA:25,0
DA:26,0
DA:28,0
DA:30,0
DA:31,0
DA:32,0
DA:33,0
DA:37,0
DA:40,0
DA:41,0
DA:42,0
DA:43,0
DA:45,0
DA:46,0
DA:47,0
DA:49,0
DA:52,0
DA:53,0
DA:54,0
DA:55,0
DA:57,0
DA:58,0
DA:59,0
DA:62,0
DA:63,0
DA:67,0
DA:68,0
DA:69,0
DA:72,0
DA:73,0
DA:74,0
DA:77,0
DA:79,0
DA:83,0
DA:144,0
DA:153,0
DA:169,0
DA:178,0
LF:58
LH:0
BRDA:32,0,0,0
BRDA:41,1,0,0
BRDA:45,2,0,0
BRDA:57,3,0,0
BRDA:67,4,0,0
BRDA:83,5,0,0
BRDA:129,6,0,0
BRDA:141,7,0,0
BRDA:141,7,1,0
BRDA:156,8,0,0
BRDA:166,9,0,0
BRDA:166,9,1,0
BRDA:181,10,0,0
BRDA:187,11,0,0
BRF:14
BRH:0
end_of_record
TN:
SF:app/auth/signup/page.tsx
FN:19,SignUpPage
FN:36,(anonymous_3)
FN:43,(anonymous_4)
FN:65,(anonymous_5)
FN:111,(anonymous_6)
FN:146,(anonymous_7)
FN:149,(anonymous_8)
FN:268,(anonymous_9)
FN:297,(anonymous_10)
FNF:9
FNH:0
FNDA:0,SignUpPage
FNDA:0,(anonymous_3)
FNDA:0,(anonymous_4)
FNDA:0,(anonymous_5)
FNDA:0,(anonymous_6)
FNDA:0,(anonymous_7)
FNDA:0,(anonymous_8)
FNDA:0,(anonymous_9)
FNDA:0,(anonymous_10)
DA:4,0
DA:5,0
DA:6,0
DA:7,0
DA:8,0
DA:9,0
DA:10,0
DA:11,0
DA:12,0
DA:13,0
DA:14,0
DA:15,0
DA:16,0
DA:17,0
DA:19,0
DA:20,0
DA:28,0
DA:29,0
DA:30,0
DA:31,0
DA:32,0
DA:33,0
DA:34,0
DA:36,0
DA:37,0
DA:43,0
DA:44,0
DA:45,0
DA:46,0
DA:50,0
DA:57,0
DA:58,0
DA:59,0
DA:62,0
DA:65,0
DA:66,0
DA:67,0
DA:68,0
DA:70,0
DA:71,0
DA:72,0
DA:75,0
DA:76,0
DA:84,0
DA:89,0
DA:90,0
DA:92,0
DA:95,0
DA:97,0
DA:101,0
DA:108,0
DA:110,0
DA:111,0
DA:112,0
DA:118,0
DA:119,0
DA:121,0
DA:125,0
DA:146,0
DA:149,0
DA:268,0
DA:297,0
LF:62
LH:0
BRDA:44,0,0,0
BRDA:57,1,0,0
BRDA:58,2,0,0
BRDA:58,2,1,0
BRDA:70,3,0,0
BRDA:89,4,0,0
BRDA:97,5,0,0
BRDA:110,6,0,0
BRDA:125,7,0,0
BRDA:189,8,0,0
BRDA:255,9,0,0
BRDA:255,9,1,0
BRDA:271,10,0,0
BRDA:284,11,0,0
BRDA:284,11,1,0
BRDA:300,12,0,0
BRDA:306,13,0,0
BRF:17
BRH:0
end_of_record
TN:
SF:app/join/page.tsx
FN:16,JoinPage
FN:35,(anonymous_5)
FN:36,(anonymous_6)
FN:39,(anonymous_7)
FN:43,(anonymous_8)
FN:80,(anonymous_9)
FN:95,(anonymous_10)
FNF:7
FNH:0
FNDA:0,JoinPage
FNDA:0,(anonymous_5)
FNDA:0,(anonymous_6)
FNDA:0,(anonymous_7)
FNDA:0,(anonymous_8)
FNDA:0,(anonymous_9)
FNDA:0,(anonymous_10)
DA:3,0
DA:4,0
DA:6,0
DA:7,0
DA:8,0
DA:9,0
DA:13,0
DA:14,0
DA:16,0
DA:17,0
DA:18,0
DA:24,0
DA:26,0
DA:35,0
DA:36,0
DA:39,0
DA:40,0
DA:43,0
DA:44,0
DA:80,0
DA:95,0
LF:21
LH:0
BRDA:69,0,0,0
BRDA:114,1,0,0
BRDA:114,1,1,0
BRF:3
BRH:0
end_of_record
TN:
SF:app/onboarding/page.tsx
FN:16,OnboardingPage
FN:73,(anonymous_5)
FN:74,(anonymous_6)
FN:77,(anonymous_7)
FN:86,(anonymous_8)
FN:96,(anonymous_9)
FN:98,(anonymous_10)
FN:152,(anonymous_11)
FN:167,(anonymous_12)
FN:195,(anonymous_13)
FN:212,(anonymous_14)
FN:269,(anonymous_15)
FN:290,(anonymous_16)
FN:303,(anonymous_17)
FN:314,(anonymous_18)
FN:346,(anonymous_19)
FN:437,(anonymous_20)
FN:446,(anonymous_21)
FN:460,(anonymous_22)
FNF:19
FNH:0
FNDA:0,OnboardingPage
FNDA:0,(anonymous_5)
FNDA:0,(anonymous_6)
FNDA:0,(anonymous_7)
FNDA:0,(anonymous_8)
FNDA:0,(anonymous_9)
FNDA:0,(anonymous_10)
FNDA:0,(anonymous_11)
FNDA:0,(anonymous_12)
FNDA:0,(anonymous_13)
FNDA:0,(anonymous_14)
FNDA:0,(anonymous_15)
FNDA:0,(anonymous_16)
FNDA:0,(anonymous_17)
FNDA:0,(anonymous_18)
FNDA:0,(anonymous_19)
FNDA:0,(anonymous_20)
FNDA:0,(anonymous_21)
FNDA:0,(anonymous_22)
DA:3,0
DA:4,0
DA:6,0
DA:7,0
DA:8,0
DA:9,0
DA:10,0
DA:11,0
DA:12,0
DA:13,0
DA:14,0
DA:16,0
DA:17,0
DA:18,0
DA:44,0
DA:46,0
DA:73,0
DA:74,0
DA:77,0
DA:78,0
DA:79,0
DA:82,0
DA:86,0
DA:87,0
DA:88,0
DA:90,0
DA:94,0
DA:96,0
DA:97,0
DA:98,0
DA:99,0
DA:102,0
DA:152,0
DA:167,0
DA:195,0
DA:212,0
DA:269,0
DA:290,0
DA:303,0
DA:314,0
DA:346,0
DA:438,0
DA:446,0
DA:460,0
LF:44
LH:0
BRDA:78,0,0,0
BRDA:78,0,1,0
BRDA:87,1,0,0
BRDA:87,1,1,0
BRDA:98,2,0,0
BRDA:98,2,1,0
BRDA:141,3,0,0
BRDA:261,4,0,0
BRDA:432,5,0,0
BRDA:441,6,0,0
BRDA:441,6,1,0
BRDA:442,7,0,0
BRDA:442,7,1,0
BRDA:489,8,0,0
BRDA:499,9,0,0
BRDA:499,9,1,0
BRF:16
BRH:0
end_of_record
TN:
SF:app/setup/page.tsx
FN:10,SetupPage
FN:78,(anonymous_3)
FN:118,(anonymous_4)
FNF:3
FNH:0
FNDA:0,SetupPage
FNDA:0,(anonymous_3)
FNDA:0,(anonymous_4)
DA:3,0
DA:4,0
DA:5,0
DA:6,0
DA:7,0
DA:8,0
DA:10,0
DA:79,0
DA:118,0
LF:9
LH:0
BRF:0
BRH:0
end_of_record
TN:
SF:components/activity-feed.tsx
FN:53,(anonymous_1)
FN:66,ActivityFeed
FN:69,(anonymous_3)
FN:79,(anonymous_4)
FNF:4
FNH:0
FNDA:0,(anonymous_1)
FNDA:0,ActivityFeed
FNDA:0,(anonymous_3)
FNDA:0,(anonymous_4)
DA:1,0
DA:2,0
DA:3,0
DA:5,0
DA:53,0
DA:54,0
DA:56,0
DA:58,0
DA:60,0
DA:62,0
DA:66,0
DA:70,0
DA:79,0
LF:13
LH:0
BRDA:54,0,0,0
BRDA:54,0,1,0
BRDA:54,0,2,0
BRDA:54,0,3,0
BRF:4
BRH:0
end_of_record
TN:
SF:components/add-integration-modal.tsx
FN:25,AddIntegrationModal
FN:36,(anonymous_2)
FN:41,(anonymous_3)
FN:49,(anonymous_4)
FN:73,(anonymous_5)
FN:81,(anonymous_6)
FN:102,(anonymous_7)
FN:115,(anonymous_8)
FN:155,(anonymous_9)
FNF:9
FNH:0
FNDA:0,AddIntegrationModal
FNDA:0,(anonymous_2)
FNDA:0,(anonymous_3)
FNDA:0,(anonymous_4)
FNDA:0,(anonymous_5)
FNDA:0,(anonymous_6)
FNDA:0,(anonymous_7)
FNDA:0,(anonymous_8)
FNDA:0,(anonymous_9)
DA:5,0
DA:13,0
DA:14,0
DA:15,0
DA:16,0
DA:17,0
DA:18,0
DA:19,0
DA:25,0
DA:26,0
DA:27,0
DA:28,0
DA:29,0
DA:36,0
DA:37,0
DA:38,0
DA:41,0
DA:44,0
DA:45,0
DA:46,0
DA:49,0
DA:50,0
DA:52,0
DA:53,0
DA:54,0
DA:55,0
DA:73,0
DA:81,0
DA:102,0
DA:115,0
DA:155,0
LF:31
LH:0
BRDA:45,0,0,0
BRDA:45,0,1,0
BRDA:126,1,0,0
BRDA:126,1,1,0
BRDA:126,1,2,0
BRDA:129,2,0,0
BRDA:129,2,1,0
BRDA:139,3,0,0
BRDA:142,4,0,0
BRDA:150,5,0,0
BRF:10
BRH:0
end_of_record
TN:
SF:components/app-sidebar.tsx
FN:45,AppSidebar
FN:66,(anonymous_3)
FNF:2
FNH:0
FNDA:0,AppSidebar
FNDA:0,(anonymous_3)
DA:14,0
DA:15,0
DA:16,0
DA:17,0
DA:18,0
DA:19,0
DA:20,0
DA:22,0
DA:45,0
DA:46,0
DA:67,0
LF:11
LH:0
BRDA:89,0,0,0
BRDA:89,0,1,0
BRDA:91,1,0,0
BRDA:91,1,1,0
BRDA:96,2,0,0
BRDA:96,2,1,0
BRDA:99,3,0,0
BRDA:99,3,1,0
BRDA:99,4,0,0
BRDA:99,4,1,0
BRF:10
BRH:0
end_of_record
TN:
SF:components/auth-actions.tsx
FN:19,LogoutButton
FN:24,(anonymous_2)
FNF:2
FNH:0
FNDA:0,LogoutButton
FNDA:0,(anonymous_2)
DA:5,0
DA:6,0
DA:7,0
DA:8,0
DA:9,0
DA:10,0
DA:19,0
DA:20,0
DA:21,0
DA:22,0
DA:24,0
DA:25,0
DA:27,0
DA:28,0
DA:30,0
DA:31,0
DA:32,0
DA:36,0
DA:37,0
DA:39,0
DA:41,0
LF:21
LH:0
BRDA:19,0,0,0
BRDA:19,1,0,0
BRDA:30,2,0,0
BRDA:47,3,0,0
BRDA:48,4,0,0
BRDA:48,4,1,0
BRF:6
BRH:0
end_of_record
TN:
SF:components/call-logs-table.tsx
FN:61,(anonymous_1)
FN:74,CallLogsTable
FN:92,(anonymous_3)
FN:122,(anonymous_4)
FN:147,(anonymous_5)
FNF:5
FNH:0
FNDA:0,(anonymous_1)
FNDA:0,CallLogsTable
FNDA:0,(anonymous_3)
FNDA:0,(anonymous_4)
FNDA:0,(anonymous_5)
DA:3,0
DA:4,0
DA:5,0
DA:6,0
DA:7,0
DA:8,0
DA:9,0
DA:11,0
DA:61,0
DA:62,0
DA:64,0
DA:66,0
DA:68,0
DA:70,0
DA:74,0
DA:75,0
DA:93,0
DA:122,0
DA:147,0
LF:19
LH:0
BRDA:62,0,0,0
BRDA:62,0,1,0
BRDA:62,0,2,0
BRDA:62,0,3,0
BRDA:147,1,0,0
BRDA:147,1,1,0
BRF:6
BRH:0
end_of_record
TN:
SF:components/call-transcript-modal.tsx
FN:26,(anonymous_1)
FN:39,CallTranscriptModal
FN:44,(anonymous_3)
FN:48,(anonymous_4)
FN:80,(anonymous_5)
FNF:5
FNH:0
FNDA:0,(anonymous_1)
FNDA:0,CallTranscriptModal
FNDA:0,(anonymous_3)
FNDA:0,(anonymous_4)
FNDA:0,(anonymous_5)
DA:3,0
DA:4,0
DA:5,0
DA:6,0
DA:7,0
DA:8,0
DA:26,0
DA:27,0
DA:29,0
DA:31,0
DA:33,0
DA:35,0
DA:39,0
DA:40,0
DA:42,0
DA:44,0
DA:45,0
DA:48,0
DA:49,0
DA:50,0
DA:51,0
DA:52,0
DA:53,0
DA:54,0
DA:55,0
DA:80,0
LF:26
LH:0
BRDA:27,0,0,0
BRDA:27,0,1,0
BRDA:27,0,2,0
BRDA:27,0,3,0
BRDA:42,1,0,0
BRF:5
BRH:0
end_of_record
TN:
SF:components/integration-card.tsx
FN:21,(anonymous_1)
FN:34,IntegrationCard
FNF:2
FNH:0
FNDA:0,(anonymous_1)
FNDA:0,IntegrationCard
DA:1,0
DA:2,0
DA:3,0
DA:4,0
DA:5,0
DA:21,0
DA:22,0
DA:24,0
DA:26,0
DA:28,0
DA:30,0
DA:34,0
DA:35,0
LF:13
LH:0
BRDA:22,0,0,0
BRDA:22,0,1,0
BRDA:22,0,2,0
BRDA:22,0,3,0
BRF:4
BRH:0
end_of_record
TN:
SF:components/loading-spinner.tsx
FN:8,LoadingSpinner
FNF:1
FNH:0
FNDA:0,LoadingSpinner
DA:1,0
DA:8,0
DA:9,0
LF:3
LH:0
BRDA:8,0,0,0
BRF:1
BRH:0
end_of_record
TN:
SF:components/metric-card.tsx
FN:13,MetricCard
FNF:1
FNH:0
FNDA:0,MetricCard
DA:1,0
DA:3,0
DA:13,0
LF:3
LH:0
BRDA:27,0,0,0
BRDA:27,0,1,0
BRF:2
BRH:0
end_of_record
TN:
SF:components/theme-provider.tsx
FN:6,ThemeProvider
FNF:1
FNH:0
FNDA:0,ThemeProvider
DA:3,0
DA:6,0
LF:2
LH:0
BRF:0
BRH:0
end_of_record
TN:
SF:components/theme-toggle.tsx
FN:8,ThemeToggle
FN:26,(anonymous_2)
FN:32,(anonymous_3)
FN:38,(anonymous_4)
FNF:4
FNH:0
FNDA:0,ThemeToggle
FNDA:0,(anonymous_2)
FNDA:0,(anonymous_3)
FNDA:0,(anonymous_4)
DA:3,0
DA:4,0
DA:5,0
DA:6,0
DA:8,0
DA:9,0
DA:26,0
DA:32,0
DA:38,0
LF:9
LH:0
BRF:0
BRH:0
end_of_record
TN:
SF:components/top-navigation.tsx
FN:22,TopNavigation
FNF:1
FNH:0
FNDA:0,TopNavigation
DA:3,0
DA:4,0
DA:12,0
DA:13,0
DA:14,0
DA:15,0
DA:16,0
DA:17,0
DA:18,0
DA:19,0
DA:20,0
DA:22,0
DA:23,0
LF:13
LH:0
BRDA:69,0,0,0
BRDA:69,0,1,0
BRDA:71,1,0,0
BRDA:71,1,1,0
BRF:4
BRH:0
end_of_record
TN:
SF:components/ui/alert.tsx
FNF:0
FNH:0
DA:1,0
DA:2,0
DA:4,0
DA:6,0
DA:27,0
DA:34,0
DA:41,0
DA:43,0
LF:8
LH:0
BRF:0
BRH:0
end_of_record
TN:
SF:components/ui/avatar.tsx
FNF:0
FNH:0
DA:3,0
DA:4,0
DA:6,0
DA:21,0
DA:33,0
DA:48,0
DA:50,0
LF:7
LH:0
BRF:0
BRH:0
end_of_record
TN:
SF:components/ui/badge.tsx
FN:25,Badge
FNF:1
FNH:0
FNDA:0,Badge
DA:2,0
DA:4,0
DA:6,0
DA:29,0
LF:4
LH:0
BRF:0
BRH:0
end_of_record
TN:
SF:components/ui/breadcrumb.tsx
FN:41,(anonymous_14)
FNF:1
FNH:0
FNDA:0,(anonymous_14)
DA:1,0
DA:2,0
DA:3,0
DA:5,0
DA:13,0
DA:27,0
DA:34,0
DA:36,0
DA:42,0
DA:46,0
DA:60,0
DA:67,0
DA:80,0
DA:83,0
DA:84,0
DA:85,0
DA:86,0
DA:87,0
DA:88,0
DA:89,0
LF:20
LH:0
BRDA:42,0,0,0
BRDA:42,0,1,0
BRDA:64,1,0,0
BRDA:64,1,1,0
BRF:4
BRH:0
end_of_record
TN:
SF:components/ui/button.tsx
FN:43,(anonymous_6)
FNF:1
FNH:0
FNDA:0,(anonymous_6)
DA:1,0
DA:2,0
DA:3,0
DA:5,0
DA:7,0
DA:42,0
DA:44,0
DA:54,0
DA:56,0
LF:9
LH:0
BRDA:43,0,0,0
BRDA:44,1,0,0
BRDA:44,1,1,0
BRF:3
BRH:0
end_of_record
TN:
SF:components/ui/card.tsx
FNF:0
FNH:0
DA:1,0
DA:3,0
DA:18,0
DA:30,0
DA:45,0
DA:57,0
DA:65,0
DA:77,0
DA:79,0
LF:9
LH:0
BRF:0
BRH:0
end_of_record
TN:
SF:components/ui/dialog.tsx
FNF:0
FNH:0
DA:3,0
DA:4,0
DA:5,0
DA:7,0
DA:9,0
DA:11,0
DA:13,0
DA:15,0
DA:30,0
DA:54,0
DA:59,0
DA:64,0
DA:76,0
DA:84,0
DA:87,0
DA:88,0
DA:89,0
DA:90,0
DA:91,0
DA:92,0
DA:93,0
DA:94,0
DA:95,0
DA:96,0
LF:24
LH:0
BRF:0
BRH:0
end_of_record
TN:
SF:components/ui/dropdown-menu.tsx
FN:160,(anonymous_27)
FNF:1
FNH:0
FNDA:0,(anonymous_27)
DA:3,0
DA:4,0
DA:5,0
DA:7,0
DA:9,0
DA:11,0
DA:13,0
DA:15,0
DA:17,0
DA:19,0
DA:40,0
DA:55,0
DA:73,0
DA:91,0
DA:114,0
DA:136,0
DA:150,0
DA:158,0
DA:160,0
DA:163,0
DA:166,0
DA:167,0
DA:168,0
DA:169,0
DA:170,0
DA:171,0
DA:172,0
DA:173,0
DA:174,0
DA:175,0
DA:176,0
DA:177,0
DA:178,0
DA:179,0
DA:180,0
LF:35
LH:0
BRDA:31,0,0,0
BRDA:31,0,1,0
BRDA:60,1,0,0
BRDA:85,2,0,0
BRDA:85,2,1,0
BRDA:146,3,0,0
BRDA:146,3,1,0
BRF:7
BRH:0
end_of_record
TN:
SF:components/ui/input.tsx
FN:6,(anonymous_4)
FNF:1
FNH:0
FNDA:0,(anonymous_4)
DA:1,0
DA:3,0
DA:5,0
DA:20,0
DA:22,0
LF:5
LH:0
BRF:0
BRH:0
end_of_record
TN:
SF:components/ui/label.tsx
FNF:0
FNH:0
DA:3,0
DA:4,0
DA:5,0
DA:7,0
DA:9,0
DA:24,0
DA:26,0
LF:7
LH:0
BRF:0
BRH:0
end_of_record
TN:
SF:components/ui/progress.tsx
FNF:0
FNH:0
DA:3,0
DA:4,0
DA:6,0
DA:26,0
DA:28,0
LF:5
LH:0
BRDA:22,0,0,0
BRDA:22,0,1,0
BRF:2
BRH:0
end_of_record
TN:
SF:components/ui/select.tsx
FNF:0
FNH:0
DA:3,0
DA:4,0
DA:5,0
DA:7,0
DA:9,0
DA:11,0
DA:13,0
DA:33,0
DA:47,0
DA:61,0
DA:93,0
DA:101,0
DA:124,0
DA:132,0
DA:135,0
DA:136,0
DA:137,0
DA:138,0
DA:139,0
DA:140,0
DA:141,0
DA:142,0
DA:143,0
DA:144,0
LF:24
LH:0
BRDA:66,0,0,0
BRDA:72,1,0,0
BRDA:72,1,1,0
BRDA:83,2,0,0
BRDA:83,2,1,0
BRF:5
BRH:0
end_of_record
TN:
SF:components/ui/separator.tsx
FNF:0
FNH:0
DA:3,0
DA:4,0
DA:6,0
DA:29,0
DA:31,0
LF:5
LH:0
BRDA:13,0,0,0
BRDA:13,1,0,0
BRDA:22,2,0,0
BRDA:22,2,1,0
BRF:4
BRH:0
end_of_record
TN:
SF:components/ui/sheet.tsx
FNF:0
FNH:0
DA:3,0
DA:4,0
DA:5,0
DA:6,0
DA:8,0
DA:10,0
DA:12,0
DA:14,0
DA:16,0
DA:31,0
DA:33,0
DA:70,0
DA:75,0
DA:80,0
DA:88,0
DA:96,0
DA:99,0
DA:100,0
DA:101,0
DA:102,0
DA:103,0
DA:104,0
DA:105,0
DA:106,0
DA:107,0
DA:108,0
LF:26
LH:0
BRDA:57,0,0,0
BRF:1
BRH:0
end_of_record
TN:
SF:components/ui/sidebar.tsx
FN:41,useSidebar
FN:58,(anonymous_29)
FN:78,(anonymous_30)
FN:93,(anonymous_31)
FN:95,(anonymous_32)
FN:96,(anonymous_33)
FN:100,(anonymous_34)
FN:101,(anonymous_35)
FN:112,(anonymous_36)
FN:120,(anonymous_37)
FN:167,(anonymous_38)
FN:265,(anonymous_39)
FN:275,(anonymous_40)
FN:291,(anonymous_41)
FN:320,(anonymous_42)
FN:338,(anonymous_43)
FN:356,(anonymous_44)
FN:371,(anonymous_45)
FN:386,(anonymous_46)
FN:401,(anonymous_47)
FN:419,(anonymous_48)
FN:434,(anonymous_49)
FN:455,(anonymous_50)
FN:544,(anonymous_54)
FN:601,(anonymous_55)
FN:652,(anonymous_57)
FN:654,(anonymous_58)
FN:715,(anonymous_61)
FNF:28
FNH:0
FNDA:0,useSidebar
FNDA:0,(anonymous_29)
FNDA:0,(anonymous_30)
FNDA:0,(anonymous_31)
FNDA:0,(anonymous_32)
FNDA:0,(anonymous_33)
FNDA:0,(anonymous_34)
FNDA:0,(anonymous_35)
FNDA:0,(anonymous_36)
FNDA:0,(anonymous_37)
FNDA:0,(anonymous_38)
FNDA:0,(anonymous_39)
FNDA:0,(anonymous_40)
FNDA:0,(anonymous_41)
FNDA:0,(anonymous_42)
FNDA:0,(anonymous_43)
FNDA:0,(anonymous_44)
FNDA:0,(anonymous_45)
FNDA:0,(anonymous_46)
FNDA:0,(anonymous_47)
FNDA:0,(anonymous_48)
FNDA:0,(anonymous_49)
FNDA:0,(anonymous_50)
FNDA:0,(anonymous_54)
FNDA:0,(anonymous_55)
FNDA:0,(anonymous_57)
FNDA:0,(anonymous_58)
FNDA:0,(anonymous_61)
DA:3,0
DA:4,0
DA:5,0
DA:6,0
DA:8,0
DA:9,0
DA:10,0
DA:11,0
DA:12,0
DA:13,0
DA:14,0
DA:20,0
DA:22,0
DA:23,0
DA:24,0
DA:25,0
DA:26,0
DA:27,0
DA:39,0
DA:42,0
DA:43,0
DA:44,0
DA:47,0
DA:50,0
DA:70,0
DA:71,0
DA:75,0
DA:76,0
DA:77,0
DA:79,0
DA:80,0
DA:81,0
DA:83,0
DA:87,0
DA:93,0
DA:94,0
DA:95,0
DA:96,0
DA:100,0
DA:101,0
DA:102,0
DA:106,0
DA:107,0
DA:111,0
DA:112,0
DA:117,0
DA:119,0
DA:120,0
DA:157,0
DA:159,0
DA:178,0
DA:180,0
DA:195,0
DA:260,0
DA:262,0
DA:266,0
DA:276,0
DA:277,0
DA:286,0
DA:288,0
DA:292,0
DA:315,0
DA:317,0
DA:333,0
DA:335,0
DA:351,0
DA:353,0
DA:366,0
DA:368,0
DA:381,0
DA:383,0
DA:396,0
DA:398,0
DA:414,0
DA:416,0
DA:429,0
DA:431,0
DA:435,0
DA:450,0
DA:452,0
DA:456,0
DA:473,0
DA:486,0
DA:499,0
DA:512,0
DA:514,0
DA:536,0
DA:556,0
DA:557,0
DA:570,0
DA:571,0
DA:574,0
DA:575,0
DA:593,0
DA:595,0
DA:602,0
DA:624,0
DA:645,0
DA:647,0
DA:654,0
DA:655,0
DA:683,0
DA:700,0
DA:706,0
DA:708,0
DA:716,0
DA:736,0
DA:739,0
DA:740,0
DA:741,0
DA:742,0
DA:743,0
DA:744,0
DA:745,0
DA:746,0
DA:747,0
DA:748,0
DA:749,0
DA:750,0
DA:751,0
DA:752,0
DA:753,0
DA:754,0
DA:755,0
DA:756,0
DA:757,0
DA:758,0
DA:759,0
DA:760,0
DA:761,0
DA:762,0
LF:131
LH:0
BRDA:43,0,0,0
BRDA:60,1,0,0
BRDA:76,2,0,0
BRDA:76,2,1,0
BRDA:79,3,0,0
BRDA:79,3,1,0
BRDA:80,4,0,0
BRDA:80,4,1,0
BRDA:94,5,0,0
BRDA:94,5,1,0
BRDA:102,6,0,0
BRDA:103,7,0,0
BRDA:103,7,1,0
BRDA:103,7,2,0
BRDA:117,8,0,0
BRDA:117,8,1,0
BRDA:169,9,0,0
BRDA:170,10,0,0
BRDA:171,11,0,0
BRDA:180,12,0,0
BRDA:195,13,0,0
BRDA:220,14,0,0
BRDA:220,14,1,0
BRDA:230,15,0,0
BRDA:230,15,1,0
BRDA:230,16,0,0
BRDA:230,16,1,0
BRDA:238,17,0,0
BRDA:238,17,1,0
BRDA:242,18,0,0
BRDA:242,18,1,0
BRDA:242,19,0,0
BRDA:242,19,1,0
BRDA:434,20,0,0
BRDA:435,21,0,0
BRDA:435,21,1,0
BRDA:455,22,0,0
BRDA:456,23,0,0
BRDA:456,23,1,0
BRDA:546,24,0,0
BRDA:547,25,0,0
BRDA:548,26,0,0
BRDA:549,27,0,0
BRDA:556,28,0,0
BRDA:556,28,1,0
BRDA:570,29,0,0
BRDA:574,30,0,0
BRDA:586,31,0,0
BRDA:586,31,1,0
BRDA:601,32,0,0
BRDA:601,33,0,0
BRDA:602,34,0,0
BRDA:602,34,1,0
BRDA:616,35,0,0
BRDA:616,35,1,0
BRDA:652,36,0,0
BRDA:665,37,0,0
BRDA:715,38,0,0
BRDA:715,39,0,0
BRDA:716,40,0,0
BRDA:716,40,1,0
BRDA:727,41,0,0
BRDA:727,41,1,0
BRDA:728,42,0,0
BRDA:728,42,1,0
BRF:65
BRH:0
end_of_record
TN:
SF:components/ui/skeleton.tsx
FN:4,Skeleton
FNF:1
FNH:0
FNDA:0,Skeleton
DA:2,0
DA:8,0
LF:2
LH:0
BRF:0
BRH:0
end_of_record
TN:
SF:components/ui/switch.tsx
FNF:0
FNH:0
DA:3,0
DA:4,0
DA:6,0
DA:27,0
DA:29,0
LF:5
LH:0
BRF:0
BRH:0
end_of_record
TN:
SF:components/ui/table.tsx
FNF:0
FNH:0
DA:1,0
DA:3,0
DA:12,0
DA:17,0
DA:24,0
DA:31,0
DA:42,0
DA:56,0
DA:63,0
DA:70,0
DA:72,0
LF:11
LH:0
BRF:0
BRH:0
end_of_record
TN:
SF:components/ui/tabs.tsx
FNF:0
FNH:0
DA:3,0
DA:4,0
DA:6,0
DA:8,0
DA:23,0
DA:38,0
DA:53,0
DA:55,0
LF:8
LH:0
BRF:0
BRH:0
end_of_record
TN:
SF:components/ui/textarea.tsx
FN:7,(anonymous_4)
FNF:1
FNH:0
FNDA:0,(anonymous_4)
DA:1,0
DA:3,0
DA:7,0
DA:19,0
DA:21,0
LF:5
LH:0
BRF:0
BRH:0
end_of_record
TN:
SF:components/ui/tooltip.tsx
FNF:0
FNH:0
DA:3,0
DA:4,0
DA:6,0
DA:8,0
DA:10,0
DA:12,0
DA:28,0
DA:30,0
LF:8
LH:0
BRDA:17,0,0,0
BRF:1
BRH:0
end_of_record
TN:
SF:lib/auth.ts
FN:4,getUser
FN:18,requireAuth
FNF:2
FNH:0
FNDA:0,getUser
FNDA:0,requireAuth
DA:1,0
DA:2,0
DA:4,0
DA:5,0
DA:9,0
DA:11,0
DA:12,0
DA:15,0
DA:18,0
DA:19,0
LF:10
LH:0
BRDA:11,0,0,0
BRDA:11,1,0,0
BRDA:11,1,1,0
BRF:3
BRH:0
end_of_record
TN:
SF:lib/csrf-protection.ts
FN:14,(anonymous_5)
FN:23,(anonymous_6)
FN:34,(anonymous_7)
FN:38,(anonymous_8)
FN:44,(anonymous_9)
FN:49,(anonymous_10)
FN:58,(anonymous_11)
FN:70,(anonymous_12)
FN:96,(anonymous_13)
FN:102,(anonymous_14)
FN:117,(anonymous_15)
FN:120,(anonymous_16)
FN:137,validateCSRF
FN:149,generateCSRFToken
FNF:14
FNH:14
FNDA:3,(anonymous_5)
FNDA:18,(anonymous_6)
FNDA:9,(anonymous_7)
FNDA:14,(anonymous_8)
FNDA:4,(anonymous_9)
FNDA:8,(anonymous_10)
FNDA:6,(anonymous_11)
FNDA:5,(anonymous_12)
FNDA:6,(anonymous_13)
FNDA:7,(anonymous_14)
FNDA:4,(anonymous_15)
FNDA:4,(anonymous_16)
FNDA:1,validateCSRF
FNDA:5,generateCSRFToken
DA:2,2
DA:15,3
DA:16,3
DA:20,16
DA:24,18
DA:35,9
DA:39,14
DA:45,4
DA:46,4
DA:50,8
DA:53,8
DA:54,2
DA:58,6
DA:59,1
DA:63,5
DA:64,0
DA:67,5
DA:71,5
DA:72,1
DA:76,4
DA:79,4
DA:80,4
DA:81,4
DA:83,4
DA:84,1
DA:87,3
DA:88,1
DA:91,2
DA:92,1
DA:97,6
DA:98,6
DA:99,6
DA:103,7
DA:104,7
DA:106,7
DA:118,4
DA:120,4
DA:121,4
DA:122,4
DA:123,3
DA:127,4
DA:132,2
DA:137,1
DA:138,1
DA:139,1
DA:141,0
DA:142,0
DA:144,0
DA:149,5
DA:150,5
DA:151,5
DA:153,5
LF:52
LH:48
BRDA:53,0,0,2
BRDA:58,1,0,1
BRDA:63,2,0,0
BRDA:71,3,0,1
BRDA:80,4,0,4
BRDA:80,4,1,1
BRDA:83,5,0,1
BRDA:87,6,0,1
BRDA:91,7,0,1
BRDA:110,8,0,2
BRDA:110,8,1,5
BRDA:122,9,0,3
BRDA:122,10,0,4
BRDA:122,10,1,3
BRDA:133,11,0,2
BRDA:133,11,1,2
BRDA:133,11,2,2
BRDA:141,12,0,0
BRF:18
BRH:16
end_of_record
TN:
SF:lib/error-handling.ts
FN:13,(anonymous_9)
FN:23,(anonymous_10)
FN:33,(anonymous_11)
FN:43,(anonymous_12)
FN:53,(anonymous_13)
FN:63,(anonymous_14)
FN:70,createErrorResponse
FN:154,generateErrorId
FN:158,createSuccessResponse
FNF:9
FNH:9
FNDA:2,(anonymous_9)
FNDA:2,(anonymous_10)
FNDA:2,(anonymous_11)
FNDA:2,(anonymous_12)
FNDA:2,(anonymous_13)
FNDA:1,(anonymous_14)
FNDA:13,createErrorResponse
FNDA:13,generateErrorId
FNDA:3,createSuccessResponse
DA:1,1
DA:2,1
DA:9,2
DA:10,2
DA:11,2
DA:14,2
DA:15,2
DA:19,2
DA:20,2
DA:21,2
DA:24,2
DA:25,2
DA:29,2
DA:30,2
DA:31,2
DA:34,2
DA:35,2
DA:39,2
DA:40,2
DA:41,2
DA:44,2
DA:45,2
DA:49,2
DA:50,2
DA:51,2
DA:54,2
DA:55,2
DA:59,1
DA:60,1
DA:61,1
DA:64,1
DA:65,1
DA:70,13
DA:72,13
DA:75,13
DA:76,1
DA:79,12
DA:82,12
DA:83,10
DA:85,2
DA:89,13
DA:90,1
DA:100,12
DA:101,1
DA:111,11
DA:112,1
DA:122,10
DA:123,1
DA:133,9
DA:134,1
DA:145,8
DA:155,13
DA:158,3
DA:159,3
LF:54
LH:54
BRDA:13,0,0,0
BRDA:23,1,0,0
BRDA:33,2,0,2
BRDA:43,3,0,2
BRDA:53,4,0,1
BRDA:63,5,0,0
BRDA:70,6,0,12
BRDA:75,7,0,1
BRDA:75,7,1,12
BRDA:79,8,0,10
BRDA:79,8,1,2
BRDA:82,9,0,10
BRDA:82,9,1,2
BRDA:89,10,0,1
BRDA:100,11,0,1
BRDA:111,12,0,1
BRDA:122,13,0,1
BRDA:133,14,0,1
BRF:18
BRH:15
end_of_record
TN:
SF:lib/generateToken.ts
FN:10,(anonymous_2)
FNF:1
FNH:0
FNDA:0,(anonymous_2)
DA:2,0
DA:3,0
DA:10,0
DA:11,0
DA:12,0
DA:15,0
DA:18,0
DA:23,0
DA:25,0
DA:26,0
DA:27,0
DA:31,0
DA:41,0
LF:13
LH:0
BRDA:10,0,0,0
BRDA:11,1,0,0
BRDA:26,2,0,0
BRF:3
BRH:0
end_of_record
TN:
SF:lib/monitoring.ts
FN:27,(anonymous_4)
FN:49,(anonymous_5)
FN:64,(anonymous_6)
FN:83,(anonymous_7)
FN:91,(anonymous_8)
FN:99,(anonymous_9)
FN:142,(anonymous_10)
FN:153,(anonymous_11)
FN:157,(anonymous_12)
FN:163,(anonymous_13)
FN:169,(anonymous_14)
FN:178,(anonymous_15)
FN:184,(anonymous_16)
FN:198,withMonitoring
FN:199,(anonymous_19)
FN:228,(anonymous_20)
FN:233,(anonymous_21)
FN:241,(anonymous_22)
FNF:18
FNH:0
FNDA:0,(anonymous_4)
FNDA:0,(anonymous_5)
FNDA:0,(anonymous_6)
FNDA:0,(anonymous_7)
FNDA:0,(anonymous_8)
FNDA:0,(anonymous_9)
FNDA:0,(anonymous_10)
FNDA:0,(anonymous_11)
FNDA:0,(anonymous_12)
FNDA:0,(anonymous_13)
FNDA:0,(anonymous_14)
FNDA:0,(anonymous_15)
FNDA:0,(anonymous_16)
FNDA:0,withMonitoring
FNDA:0,(anonymous_19)
FNDA:0,(anonymous_20)
FNDA:0,(anonymous_21)
FNDA:0,(anonymous_22)
DA:2,0
DA:23,0
DA:28,0
DA:35,0
DA:38,0
DA:39,0
DA:43,0
DA:44,0
DA:50,0
DA:56,0
DA:65,0
DA:71,0
DA:74,0
DA:75,0
DA:84,0
DA:92,0
DA:100,0
DA:103,0
DA:104,0
DA:106,0
DA:107,0
DA:112,0
DA:119,0
DA:120,0
DA:121,0
DA:122,0
DA:127,0
DA:134,0
DA:135,0
DA:136,0
DA:142,0
DA:144,0
DA:154,0
DA:156,0
DA:157,0
DA:160,0
DA:166,0
DA:171,0
DA:173,0
DA:175,0
DA:180,0
DA:181,0
DA:190,0
DA:195,0
DA:198,0
DA:199,0
DA:200,0
DA:201,0
DA:202,0
DA:204,0
DA:205,0
DA:206,0
DA:207,0
DA:209,0
DA:211,0
DA:213,0
DA:214,0
DA:215,0
DA:221,0
DA:222,0
DA:230,0
DA:232,0
DA:233,0
DA:235,0
DA:236,0
DA:243,0
LF:66
LH:0
BRDA:38,0,0,0
BRDA:43,1,0,0
BRDA:67,2,0,0
BRDA:67,2,1,0
BRDA:71,3,0,0
BRDA:71,3,1,0
BRDA:74,4,0,0
BRDA:75,5,0,0
BRDA:75,5,1,0
BRDA:77,6,0,0
BRDA:77,6,1,0
BRDA:137,7,0,0
BRDA:137,7,1,0
BRDA:145,8,0,0
BRDA:145,8,1,0
BRDA:148,9,0,0
BRDA:148,9,1,0
BRDA:153,10,0,0
BRDA:156,11,0,0
BRDA:171,12,0,0
BRDA:207,13,0,0
BRDA:207,13,1,0
BRDA:232,14,0,0
BRDA:235,15,0,0
BRF:24
BRH:0
end_of_record
TN:
SF:lib/rate-limit-redis.ts
FN:7,(anonymous_8)
FN:37,createRateLimit
FN:38,(anonymous_10)
FN:54,(anonymous_11)
FN:64,getDefaultKey
FN:73,handleRedisRateLimit
FN:110,handleMemoryRateLimit
FN:152,(anonymous_15)
FN:167,(anonymous_16)
FN:181,(anonymous_17)
FN:187,(anonymous_18)
FNF:11
FNH:5
FNDA:5,(anonymous_8)
FNDA:8,createRateLimit
FNDA:6,(anonymous_10)
FNDA:0,(anonymous_11)
FNDA:4,getDefaultKey
FNDA:0,handleRedisRateLimit
FNDA:5,handleMemoryRateLimit
FNDA:0,(anonymous_15)
FNDA:0,(anonymous_16)
FNDA:0,(anonymous_17)
FNDA:0,(anonymous_18)
DA:2,1
DA:5,1
DA:7,1
DA:8,5
DA:9,0
DA:10,0
DA:11,0
DA:12,0
DA:14,0
DA:16,5
DA:27,1
DA:37,4
DA:38,8
DA:40,6
DA:41,1
DA:49,5
DA:53,5
DA:54,5
DA:56,5
DA:57,0
DA:59,5
DA:65,4
DA:70,4
DA:79,0
DA:82,0
DA:83,0
DA:85,0
DA:87,0
DA:88,0
DA:91,0
DA:92,0
DA:94,0
DA:95,0
DA:103,0
DA:116,5
DA:117,0
DA:121,5
DA:122,2
DA:127,3
DA:131,5
DA:132,2
DA:140,3
DA:148,1
DA:153,0
DA:154,0
DA:158,1
DA:164,1
DA:169,0
DA:170,0
DA:174,1
DA:181,1
DA:182,0
DA:183,0
DA:184,0
DA:187,0
LF:55
LH:29
BRDA:8,0,0,0
BRDA:8,1,0,5
BRDA:8,1,1,0
BRDA:9,2,0,0
BRDA:40,3,0,1
BRDA:40,4,0,6
BRDA:40,4,1,1
BRDA:49,5,0,1
BRDA:49,5,1,4
BRDA:56,6,0,0
BRDA:56,6,1,5
BRDA:65,7,0,4
BRDA:65,7,1,0
BRDA:65,7,2,0
BRDA:65,7,3,0
BRDA:87,8,0,0
BRDA:94,9,0,0
BRDA:99,10,0,0
BRDA:99,10,1,0
BRDA:116,11,0,0
BRDA:116,12,0,5
BRDA:116,12,1,3
BRDA:121,13,0,2
BRDA:121,13,1,3
BRDA:131,14,0,2
BRDA:136,15,0,2
BRDA:136,15,1,2
BRDA:182,16,0,0
BRF:28
BRH:15
end_of_record
TN:
SF:lib/rate-limit.ts
FN:18,rateLimit
FN:19,(anonymous_5)
FNF:2
FNH:0
FNDA:0,rateLimit
FNDA:0,(anonymous_5)
DA:11,0
DA:18,0
DA:19,0
DA:20,0
DA:24,0
DA:25,0
DA:28,0
DA:29,0
DA:33,0
DA:34,0
DA:39,0
DA:43,0
DA:44,0
DA:51,0
DA:60,0
DA:65,0
LF:16
LH:0
BRDA:20,0,0,0
BRDA:20,0,1,0
BRDA:20,0,2,0
BRDA:28,1,0,0
BRDA:28,2,0,0
BRDA:28,2,1,0
BRDA:33,3,0,0
BRDA:33,3,1,0
BRDA:43,4,0,0
BRF:9
BRH:0
end_of_record
TN:
SF:lib/security-headers.ts
FN:3,setSecurityHeaders
FNF:1
FNH:0
FNDA:0,setSecurityHeaders
DA:3,0
DA:5,0
DA:8,0
DA:11,0
DA:14,0
DA:17,0
DA:20,0
DA:31,0
DA:46,0
LF:9
LH:0
BRF:0
BRH:0
end_of_record
TN:
SF:lib/sentry.ts
FN:3,initSentry
FN:26,(anonymous_13)
FN:81,captureError
FN:82,(anonymous_15)
FN:84,(anonymous_16)
FN:92,captureMessage
FN:93,(anonymous_18)
FN:95,(anonymous_19)
FN:103,setUserContext
FN:115,addBreadcrumb
FN:125,startTransaction
FN:129,measureFunction
FN:144,measureAsyncFunction
FNF:13
FNH:6
FNDA:0,initSentry
FNDA:0,(anonymous_13)
FNDA:10,captureError
FNDA:10,(anonymous_15)
FNDA:10,(anonymous_16)
FNDA:2,captureMessage
FNDA:2,(anonymous_18)
FNDA:4,(anonymous_19)
FNDA:0,setUserContext
FNDA:0,addBreadcrumb
FNDA:0,startTransaction
FNDA:0,measureFunction
FNDA:0,measureAsyncFunction
DA:1,1
DA:3,0
DA:4,0
DA:5,0
DA:28,0
DA:29,0
DA:30,0
DA:31,0
DA:35,0
DA:36,0
DA:37,0
DA:38,0
DA:39,0
DA:40,0
DA:41,0
DA:45,0
DA:81,10
DA:82,10
DA:83,10
DA:84,10
DA:85,10
DA:88,10
DA:92,2
DA:93,2
DA:94,2
DA:95,2
DA:96,4
DA:99,2
DA:103,0
DA:108,0
DA:115,0
DA:116,0
DA:125,0
DA:126,0
DA:129,0
DA:130,0
DA:131,0
DA:132,0
DA:133,0
DA:134,0
DA:136,0
DA:137,0
DA:138,0
DA:140,0
DA:144,0
DA:145,0
DA:146,0
DA:147,0
DA:148,0
DA:149,0
DA:151,0
DA:152,0
DA:153,0
DA:155,0
LF:54
LH:13
BRDA:4,0,0,0
BRDA:7,1,0,0
BRDA:7,1,1,0
BRDA:7,1,2,0
BRDA:8,2,0,0
BRDA:8,2,1,0
BRDA:11,3,0,0
BRDA:11,3,1,0
BRDA:14,4,0,0
BRDA:14,4,1,0
BRDA:28,5,0,0
BRDA:35,6,0,0
BRDA:36,7,0,0
BRDA:61,8,0,0
BRDA:61,8,1,0
BRDA:73,9,0,0
BRDA:73,9,1,0
BRDA:83,10,0,10
BRDA:92,11,0,0
BRDA:94,12,0,2
BRDA:115,13,0,0
BRDA:115,14,0,0
BRDA:125,15,0,0
BRF:23
BRH:2
end_of_record
TN:
SF:lib/session-management.ts
FN:19,(anonymous_6)
FN:23,(anonymous_7)
FN:93,(anonymous_8)
FN:125,(anonymous_9)
FN:133,(anonymous_10)
FN:150,(anonymous_11)
FN:164,(anonymous_12)
FN:199,withSessionValidation
FN:221,getSupabaseSessionConfig
FNF:9
FNH:0
FNDA:0,(anonymous_6)
FNDA:0,(anonymous_7)
FNDA:0,(anonymous_8)
FNDA:0,(anonymous_9)
FNDA:0,(anonymous_10)
FNDA:0,(anonymous_11)
FNDA:0,(anonymous_12)
FNDA:0,withSessionValidation
FNDA:0,getSupabaseSessionConfig
DA:1,0
DA:2,0
DA:10,0
DA:16,0
DA:20,0
DA:29,0
DA:30,0
DA:33,0
DA:35,0
DA:36,0
DA:45,0
DA:46,0
DA:48,0
DA:49,0
DA:50,0
DA:59,0
DA:60,0
DA:61,0
DA:62,0
DA:71,0
DA:72,0
DA:75,0
DA:77,0
DA:83,0
DA:84,0
DA:98,0
DA:99,0
DA:101,0
DA:103,0
DA:104,0
DA:111,0
DA:113,0
DA:117,0
DA:118,0
DA:126,0
DA:127,0
DA:129,0
DA:134,0
DA:137,0
DA:143,0
DA:145,0
DA:146,0
DA:151,0
DA:152,0
DA:153,0
DA:160,0
DA:170,0
DA:171,0
DA:172,0
DA:174,0
DA:175,0
DA:178,0
DA:179,0
DA:180,0
DA:182,0
DA:189,0
DA:190,0
DA:196,0
DA:199,0
DA:203,0
DA:205,0
DA:206,0
DA:213,0
DA:214,0
DA:217,0
DA:221,0
DA:222,0
LF:67
LH:0
BRDA:19,0,0,0
BRDA:35,1,0,0
BRDA:35,2,0,0
BRDA:35,2,1,0
BRDA:46,3,0,0
BRDA:46,3,1,0
BRDA:48,4,0,0
BRDA:60,5,0,0
BRDA:60,6,0,0
BRDA:60,6,1,0
BRDA:103,7,0,0
BRDA:103,8,0,0
BRDA:103,8,1,0
BRDA:174,9,0,0
BRDA:174,10,0,0
BRDA:174,10,1,0
BRDA:179,11,0,0
BRDA:179,11,1,0
BRDA:185,12,0,0
BRDA:185,12,1,0
BRDA:205,13,0,0
BRDA:207,14,0,0
BRDA:207,14,1,0
BRDA:213,15,0,0
BRF:24
BRH:0
end_of_record
TN:
SF:lib/utils.ts
FN:4,cn
FNF:1
FNH:0
FNDA:0,cn
DA:1,0
DA:2,0
DA:4,0
DA:5,0
LF:4
LH:0
BRF:0
BRH:0
end_of_record
TN:
SF:lib/validations.ts
FN:42,(anonymous_14)
FN:51,(anonymous_15)
FN:53,(anonymous_16)
FNF:3
FNH:3
FNDA:4,(anonymous_14)
FNDA:17,(anonymous_15)
FNDA:4,(anonymous_16)
DA:1,1
DA:8,1
DA:27,1
DA:33,4
DA:44,4
DA:51,17
DA:55,4
DA:56,4
DA:63,1
DA:72,1
DA:84,1
DA:93,3
DA:106,1
DA:109,2
DA:119,1
DA:122,1
DA:127,2
DA:134,1
LF:18
LH:18
BRF:0
BRH:0
end_of_record
TN:
SF:lib/supabase/api.ts
FN:5,createServiceRoleClient
FN:45,createErrorResponse
FN:56,createSuccessResponse
FNF:3
FNH:0
FNDA:0,createServiceRoleClient
FNDA:0,createErrorResponse
FNDA:0,createSuccessResponse
DA:1,0
DA:5,0
DA:6,0
DA:7,0
DA:9,0
DA:10,0
DA:15,0
DA:45,0
DA:46,0
DA:56,0
DA:57,0
LF:11
LH:0
BRDA:9,0,0,0
BRDA:9,1,0,0
BRDA:9,1,1,0
BRDA:45,2,0,0
BRF:4
BRH:0
end_of_record
TN:
SF:lib/supabase/client.ts
FN:3,createClient
FNF:1
FNH:0
FNDA:0,createClient
DA:1,0
DA:3,0
DA:4,0
DA:5,0
DA:7,0
DA:8,0
DA:13,0
LF:7
LH:0
BRDA:7,0,0,0
BRDA:7,1,0,0
BRDA:7,1,1,0
BRF:3
BRH:0
end_of_record
TN:
SF:lib/supabase/middleware.ts
FN:7,updateSession
FN:36,(anonymous_2)
FN:39,(anonymous_3)
FN:40,(anonymous_4)
FN:44,(anonymous_5)
FNF:5
FNH:0
FNDA:0,updateSession
FNDA:0,(anonymous_2)
FNDA:0,(anonymous_3)
FNDA:0,(anonymous_4)
FNDA:0,(anonymous_5)
DA:1,0
DA:2,0
DA:3,0
DA:4,0
DA:5,0
DA:7,0
DA:8,0
DA:9,0
DA:12,0
DA:13,0
DA:15,0
DA:16,0
DA:24,0
DA:25,0
DA:26,0
DA:27,0
DA:30,0
DA:34,0
DA:37,0
DA:40,0
DA:41,0
DA:44,0
DA:55,0
DA:58,0
DA:70,0
DA:75,0
DA:76,0
DA:77,0
DA:78,0
DA:79,0
DA:80,0
DA:84,0
DA:86,0
DA:87,0
DA:88,0
DA:89,0
DA:100,0
LF:37
LH:0
BRDA:15,0,0,0
BRDA:24,1,0,0
BRDA:24,2,0,0
BRDA:24,2,1,0
BRDA:70,3,0,0
BRDA:70,3,1,0
BRDA:70,3,2,0
BRDA:75,4,0,0
BRDA:75,5,0,0
BRDA:75,5,1,0
BRDA:84,6,0,0
BRDA:84,7,0,0
BRDA:84,7,1,0
BRDA:84,7,2,0
BRF:14
BRH:0
end_of_record
TN:
SF:lib/supabase/server.ts
FN:4,createClient
FN:18,(anonymous_2)
FN:21,(anonymous_3)
FN:23,(anonymous_4)
FNF:4
FNH:0
FNDA:0,createClient
FNDA:0,(anonymous_2)
FNDA:0,(anonymous_3)
FNDA:0,(anonymous_4)
DA:1,0
DA:2,0
DA:4,0
DA:5,0
DA:6,0
DA:8,0
DA:9,0
DA:14,0
DA:16,0
DA:19,0
DA:22,0
DA:23,0
LF:12
LH:0
BRDA:8,0,0,0
BRDA:8,1,0,0
BRDA:8,1,1,0
BRF:3
BRH:0
end_of_record
TN:
SF:lib/supabase/superbaseClient.ts
FN:6,(anonymous_1)
FN:14,(anonymous_2)
FN:17,(anonymous_3)
FN:20,(anonymous_4)
FNF:4
FNH:0
FNDA:0,(anonymous_1)
FNDA:0,(anonymous_2)
FNDA:0,(anonymous_3)
FNDA:0,(anonymous_4)
DA:1,0
DA:2,0
DA:6,0
DA:7,0
DA:9,0
DA:15,0
DA:18,0
DA:21,0
LF:8
LH:0
BRF:0
BRH:0
end_of_record
